
Pre-synaptic location
/FSnetwork/FScell
Post-synaptic SP connections
/FSnetwork/FScell[1]/primdend2/GABA
/FSnetwork/FScell[2]/primdend1/GABA
/FSnetwork/FScell[4]/soma/GABA
/FSnetwork/FScell[5]/secdend5/GABA
/FSnetwork/FScell[6]/primdend1/GABA
/FSnetwork/FScell[8]/secdend2/GABA
/FSnetwork/FScell[10]/secdend5/GABA
/FSnetwork/FScell[11]/primdend1/GABA
/FSnetwork/FScell[12]/secdend5/sec_dend2/GABA
/FSnetwork/FScell[18]/primdend1/GABA
/FSnetwork/FScell[20]/soma/GABA
/FSnetwork/FScell[22]/soma/GABA
/SPnetwork/SPcell[2]/soma/GABA
/SPnetwork/SPcell[3]/primdend3/GABA
/SPnetwork/SPcell[4]/soma/GABA
/SPnetwork/SPcell[5]/soma/GABA
/SPnetwork/SPcell[8]/primdend2/GABA
/SPnetwork/SPcell[9]/secdend5/GABA
/SPnetwork/SPcell[11]/secdend5/GABA
/SPnetwork/SPcell[12]/secdend4/GABA
/SPnetwork/SPcell[14]/primdend1/GABA
/SPnetwork/SPcell[17]/secdend1/GABA
/SPnetwork/SPcell[21]/soma/GABA
/SPnetwork/SPcell[22]/secdend4/GABA
/SPnetwork/SPcell[24]/secdend2/GABA
/SPnetwork/SPcell[25]/primdend2/GABA
/SPnetwork/SPcell[26]/secdend3/GABA
/SPnetwork/SPcell[27]/primdend1/GABA
/SPnetwork/SPcell[28]/soma/GABA
/SPnetwork/SPcell[29]/primdend2/GABA
/SPnetwork/SPcell[30]/primdend1/GABA
/SPnetwork/SPcell[31]/primdend2/GABA
/SPnetwork/SPcell[32]/primdend2/GABA
/SPnetwork/SPcell[33]/primdend2/GABA
/SPnetwork/SPcell[34]/soma/GABA
/SPnetwork/SPcell[35]/primdend2/GABA
/SPnetwork/SPcell[36]/primdend1/GABA
/SPnetwork/SPcell[38]/primdend2/GABA
/SPnetwork/SPcell[39]/secdend7/GABA
/SPnetwork/SPcell[40]/secdend7/GABA
/SPnetwork/SPcell[42]/primdend3/GABA
/SPnetwork/SPcell[44]/primdend1/GABA
/SPnetwork/SPcell[45]/secdend5/GABA
/SPnetwork/SPcell[46]/secdend6/GABA
/SPnetwork/SPcell[47]/soma/GABA
/SPnetwork/SPcell[50]/primdend3/GABA
/SPnetwork/SPcell[51]/secdend4/GABA
/SPnetwork/SPcell[52]/soma/GABA
/SPnetwork/SPcell[53]/secdend5/GABA
/SPnetwork/SPcell[55]/secdend5/GABA
/SPnetwork/SPcell[56]/secdend7/GABA
/SPnetwork/SPcell[57]/secdend7/GABA
/SPnetwork/SPcell[58]/secdend3/GABA
/SPnetwork/SPcell[59]/secdend7/GABA
/SPnetwork/SPcell[60]/secdend3/GABA
/SPnetwork/SPcell[62]/primdend3/GABA
/SPnetwork/SPcell[67]/secdend3/GABA
/SPnetwork/SPcell[69]/primdend1/GABA
/SPnetwork/SPcell[70]/secdend6/GABA
/SPnetwork/SPcell[71]/primdend3/GABA
/SPnetwork/SPcell[72]/secdend5/GABA
/SPnetwork/SPcell[75]/secdend5/GABA
/SPnetwork/SPcell[78]/soma/GABA
/SPnetwork/SPcell[80]/primdend2/GABA
/SPnetwork/SPcell[81]/secdend2/GABA
/SPnetwork/SPcell[83]/secdend2/GABA
/SPnetwork/SPcell[85]/primdend2/GABA
/SPnetwork/SPcell[86]/soma/GABA
/SPnetwork/SPcell[88]/primdend2/GABA
/SPnetwork/SPcell[89]/secdend5/GABA
/SPnetwork/SPcell[90]/secdend2/GABA
/SPnetwork/SPcell[91]/primdend2/GABA
/SPnetwork/SPcell[92]/soma/GABA
/SPnetwork/SPcell[94]/soma/GABA
/SPnetwork/SPcell[96]/soma/GABA
/SPnetwork/SPcell[97]/secdend1/GABA
/SPnetwork/SPcell[98]/primdend2/GABA
/SPnetwork/SPcell[99]/soma/GABA

Pre-synaptic location
/FSnetwork/FScell[1]
Post-synaptic SP connections
/FSnetwork/FScell/primdend1/GABA
/FSnetwork/FScell[2]/primdend1/GABA
/FSnetwork/FScell[4]/secdend2/GABA
/FSnetwork/FScell[5]/primdend1/GABA
/FSnetwork/FScell[6]/secdend1/GABA
/FSnetwork/FScell[7]/secdend1/sec_dend2/GABA
/FSnetwork/FScell[10]/primdend2/GABA
/FSnetwork/FScell[11]/soma/GABA
/FSnetwork/FScell[12]/secdend3/sec_dend3/GABA
/FSnetwork/FScell[13]/soma/GABA
/FSnetwork/FScell[16]/primdend1/GABA
/FSnetwork/FScell[17]/secdend4/GABA
/FSnetwork/FScell[20]/primdend1/GABA
/FSnetwork/FScell[21]/primdend1/GABA
/FSnetwork/FScell[24]/secdend1/GABA
/SPnetwork/SPcell/primdend3/GABA
/SPnetwork/SPcell[2]/secdend5/GABA
/SPnetwork/SPcell[3]/soma/GABA
/SPnetwork/SPcell[4]/secdend7/GABA
/SPnetwork/SPcell[6]/secdend6/GABA
/SPnetwork/SPcell[7]/soma/GABA
/SPnetwork/SPcell[8]/soma/GABA
/SPnetwork/SPcell[9]/primdend1/GABA
/SPnetwork/SPcell[10]/primdend3/GABA
/SPnetwork/SPcell[11]/primdend1/GABA
/SPnetwork/SPcell[12]/primdend3/GABA
/SPnetwork/SPcell[13]/soma/GABA
/SPnetwork/SPcell[15]/soma/GABA
/SPnetwork/SPcell[16]/soma/GABA
/SPnetwork/SPcell[18]/soma/GABA
/SPnetwork/SPcell[19]/secdend3/GABA
/SPnetwork/SPcell[21]/secdend5/GABA
/SPnetwork/SPcell[23]/soma/GABA
/SPnetwork/SPcell[24]/soma/GABA
/SPnetwork/SPcell[25]/soma/GABA
/SPnetwork/SPcell[26]/soma/GABA
/SPnetwork/SPcell[27]/primdend1/GABA
/SPnetwork/SPcell[28]/secdend3/GABA
/SPnetwork/SPcell[30]/soma/GABA
/SPnetwork/SPcell[31]/primdend2/GABA
/SPnetwork/SPcell[32]/soma/GABA
/SPnetwork/SPcell[33]/secdend1/GABA
/SPnetwork/SPcell[34]/primdend2/GABA
/SPnetwork/SPcell[35]/soma/GABA
/SPnetwork/SPcell[36]/soma/GABA
/SPnetwork/SPcell[37]/primdend3/GABA
/SPnetwork/SPcell[38]/soma/GABA
/SPnetwork/SPcell[39]/secdend5/GABA
/SPnetwork/SPcell[40]/secdend3/GABA
/SPnetwork/SPcell[42]/primdend1/GABA
/SPnetwork/SPcell[43]/soma/GABA
/SPnetwork/SPcell[44]/secdend3/GABA
/SPnetwork/SPcell[47]/soma/GABA
/SPnetwork/SPcell[48]/soma/GABA
/SPnetwork/SPcell[49]/soma/GABA
/SPnetwork/SPcell[50]/primdend3/GABA
/SPnetwork/SPcell[51]/soma/GABA
/SPnetwork/SPcell[52]/secdend7/GABA
/SPnetwork/SPcell[53]/primdend3/GABA
/SPnetwork/SPcell[54]/secdend7/GABA
/SPnetwork/SPcell[56]/secdend2/GABA
/SPnetwork/SPcell[57]/soma/GABA
/SPnetwork/SPcell[58]/soma/GABA
/SPnetwork/SPcell[60]/soma/GABA
/SPnetwork/SPcell[62]/secdend4/GABA
/SPnetwork/SPcell[63]/secdend4/GABA
/SPnetwork/SPcell[64]/soma/GABA
/SPnetwork/SPcell[65]/primdend2/GABA
/SPnetwork/SPcell[66]/primdend3/GABA
/SPnetwork/SPcell[68]/secdend4/GABA
/SPnetwork/SPcell[69]/primdend3/GABA
/SPnetwork/SPcell[70]/soma/GABA
/SPnetwork/SPcell[71]/primdend3/GABA
/SPnetwork/SPcell[72]/soma/GABA
/SPnetwork/SPcell[73]/primdend3/GABA
/SPnetwork/SPcell[74]/secdend5/GABA
/SPnetwork/SPcell[77]/secdend5/GABA
/SPnetwork/SPcell[78]/primdend2/GABA
/SPnetwork/SPcell[79]/secdend2/GABA
/SPnetwork/SPcell[80]/secdend2/GABA
/SPnetwork/SPcell[81]/soma/GABA
/SPnetwork/SPcell[82]/primdend1/GABA
/SPnetwork/SPcell[83]/primdend1/GABA
/SPnetwork/SPcell[84]/primdend3/GABA
/SPnetwork/SPcell[86]/soma/GABA
/SPnetwork/SPcell[87]/soma/GABA
/SPnetwork/SPcell[88]/secdend7/GABA
/SPnetwork/SPcell[89]/secdend7/GABA
/SPnetwork/SPcell[90]/soma/GABA
/SPnetwork/SPcell[91]/primdend2/GABA
/SPnetwork/SPcell[92]/secdend5/GABA
/SPnetwork/SPcell[93]/primdend2/GABA
/SPnetwork/SPcell[94]/soma/GABA
/SPnetwork/SPcell[95]/soma/GABA
/SPnetwork/SPcell[96]/secdend2/GABA
/SPnetwork/SPcell[97]/secdend6/GABA

Pre-synaptic location
/FSnetwork/FScell[2]
Post-synaptic SP connections
/FSnetwork/FScell/primdend1/GABA
/FSnetwork/FScell[1]/secdend2/GABA
/FSnetwork/FScell[3]/primdend1/GABA
/FSnetwork/FScell[4]/primdend1/GABA
/FSnetwork/FScell[5]/primdend2/GABA
/FSnetwork/FScell[6]/primdend2/GABA
/FSnetwork/FScell[7]/soma/GABA
/FSnetwork/FScell[8]/secdend1/GABA
/FSnetwork/FScell[10]/soma/GABA
/FSnetwork/FScell[12]/secdend1/sec_dend2/GABA
/FSnetwork/FScell[13]/soma/GABA
/FSnetwork/FScell[14]/soma/GABA
/FSnetwork/FScell[15]/secdend5/GABA
/FSnetwork/FScell[16]/secdend5/sec_dend3/GABA
/FSnetwork/FScell[17]/soma/GABA
/FSnetwork/FScell[18]/secdend4/GABA
/FSnetwork/FScell[19]/primdend1/GABA
/FSnetwork/FScell[22]/primdend1/GABA
/FSnetwork/FScell[23]/primdend1/GABA
/FSnetwork/FScell[24]/primdend1/GABA
/SPnetwork/SPcell[1]/primdend3/GABA
/SPnetwork/SPcell[3]/soma/GABA
/SPnetwork/SPcell[4]/secdend4/GABA
/SPnetwork/SPcell[5]/soma/GABA
/SPnetwork/SPcell[6]/soma/GABA
/SPnetwork/SPcell[7]/primdend1/GABA
/SPnetwork/SPcell[8]/primdend2/GABA
/SPnetwork/SPcell[9]/soma/GABA
/SPnetwork/SPcell[10]/secdend1/GABA
/SPnetwork/SPcell[11]/primdend1/GABA
/SPnetwork/SPcell[12]/primdend3/GABA
/SPnetwork/SPcell[13]/soma/GABA
/SPnetwork/SPcell[14]/soma/GABA
/SPnetwork/SPcell[15]/primdend2/GABA
/SPnetwork/SPcell[16]/primdend2/GABA
/SPnetwork/SPcell[17]/soma/GABA
/SPnetwork/SPcell[18]/soma/GABA
/SPnetwork/SPcell[19]/secdend7/GABA
/SPnetwork/SPcell[20]/primdend2/GABA
/SPnetwork/SPcell[21]/secdend7/GABA
/SPnetwork/SPcell[22]/soma/GABA
/SPnetwork/SPcell[23]/primdend1/GABA
/SPnetwork/SPcell[24]/soma/GABA
/SPnetwork/SPcell[25]/secdend1/GABA
/SPnetwork/SPcell[26]/soma/GABA
/SPnetwork/SPcell[28]/secdend7/GABA
/SPnetwork/SPcell[29]/soma/GABA
/SPnetwork/SPcell[30]/soma/GABA
/SPnetwork/SPcell[31]/soma/GABA
/SPnetwork/SPcell[32]/soma/GABA
/SPnetwork/SPcell[33]/primdend3/GABA
/SPnetwork/SPcell[35]/secdend6/GABA
/SPnetwork/SPcell[36]/primdend2/GABA
/SPnetwork/SPcell[37]/primdend3/GABA
/SPnetwork/SPcell[38]/soma/GABA
/SPnetwork/SPcell[39]/soma/GABA
/SPnetwork/SPcell[41]/soma/GABA
/SPnetwork/SPcell[42]/primdend1/GABA
/SPnetwork/SPcell[43]/secdend5/GABA
/SPnetwork/SPcell[45]/soma/GABA
/SPnetwork/SPcell[46]/primdend3/GABA
/SPnetwork/SPcell[47]/secdend2/GABA
/SPnetwork/SPcell[48]/soma/GABA
/SPnetwork/SPcell[49]/primdend1/GABA
/SPnetwork/SPcell[50]/secdend5/GABA
/SPnetwork/SPcell[51]/secdend7/GABA
/SPnetwork/SPcell[52]/soma/GABA
/SPnetwork/SPcell[54]/primdend1/GABA
/SPnetwork/SPcell[56]/secdend4/GABA
/SPnetwork/SPcell[58]/soma/GABA
/SPnetwork/SPcell[59]/secdend2/GABA
/SPnetwork/SPcell[60]/soma/GABA
/SPnetwork/SPcell[61]/soma/GABA
/SPnetwork/SPcell[62]/primdend3/GABA
/SPnetwork/SPcell[63]/soma/GABA
/SPnetwork/SPcell[64]/primdend1/GABA
/SPnetwork/SPcell[65]/secdend3/GABA
/SPnetwork/SPcell[66]/soma/GABA
/SPnetwork/SPcell[68]/soma/GABA
/SPnetwork/SPcell[70]/primdend1/GABA
/SPnetwork/SPcell[71]/soma/GABA
/SPnetwork/SPcell[72]/soma/GABA
/SPnetwork/SPcell[73]/soma/GABA
/SPnetwork/SPcell[75]/primdend3/GABA
/SPnetwork/SPcell[76]/primdend3/GABA
/SPnetwork/SPcell[77]/primdend2/GABA
/SPnetwork/SPcell[80]/secdend5/GABA
/SPnetwork/SPcell[82]/soma/GABA
/SPnetwork/SPcell[83]/primdend2/GABA
/SPnetwork/SPcell[86]/secdend1/GABA
/SPnetwork/SPcell[88]/primdend1/GABA
/SPnetwork/SPcell[89]/primdend1/GABA
/SPnetwork/SPcell[90]/soma/GABA
/SPnetwork/SPcell[91]/primdend1/GABA
/SPnetwork/SPcell[92]/soma/GABA
/SPnetwork/SPcell[93]/primdend3/GABA
/SPnetwork/SPcell[94]/primdend2/GABA
/SPnetwork/SPcell[95]/primdend2/GABA
/SPnetwork/SPcell[96]/primdend2/GABA
/SPnetwork/SPcell[97]/primdend3/GABA
/SPnetwork/SPcell[99]/primdend1/GABA

Pre-synaptic location
/FSnetwork/FScell[3]
Post-synaptic SP connections
/FSnetwork/FScell[1]/secdend1/sec_dend3/GABA
/FSnetwork/FScell[2]/secdend4/sec_dend3/GABA
/FSnetwork/FScell[4]/secdend1/GABA
/FSnetwork/FScell[6]/primdend1/GABA
/FSnetwork/FScell[7]/secdend1/sec_dend2/GABA
/FSnetwork/FScell[8]/primdend1/GABA
/FSnetwork/FScell[11]/soma/GABA
/FSnetwork/FScell[13]/soma/GABA
/FSnetwork/FScell[14]/soma/GABA
/FSnetwork/FScell[15]/soma/GABA
/FSnetwork/FScell[16]/soma/GABA
/FSnetwork/FScell[22]/secdend1/sec_dend3/GABA
/SPnetwork/SPcell/secdend7/GABA
/SPnetwork/SPcell[1]/primdend1/GABA
/SPnetwork/SPcell[2]/primdend3/GABA
/SPnetwork/SPcell[5]/primdend2/GABA
/SPnetwork/SPcell[7]/secdend2/GABA
/SPnetwork/SPcell[8]/secdend4/GABA
/SPnetwork/SPcell[9]/soma/GABA
/SPnetwork/SPcell[10]/soma/GABA
/SPnetwork/SPcell[11]/primdend1/GABA
/SPnetwork/SPcell[12]/soma/GABA
/SPnetwork/SPcell[15]/soma/GABA
/SPnetwork/SPcell[16]/soma/GABA
/SPnetwork/SPcell[17]/soma/GABA
/SPnetwork/SPcell[18]/secdend7/GABA
/SPnetwork/SPcell[21]/secdend3/GABA
/SPnetwork/SPcell[22]/soma/GABA
/SPnetwork/SPcell[24]/secdend4/GABA
/SPnetwork/SPcell[26]/soma/GABA
/SPnetwork/SPcell[28]/soma/GABA
/SPnetwork/SPcell[29]/primdend3/GABA
/SPnetwork/SPcell[30]/primdend1/GABA
/SPnetwork/SPcell[31]/secdend5/GABA
/SPnetwork/SPcell[32]/primdend2/GABA
/SPnetwork/SPcell[34]/soma/GABA
/SPnetwork/SPcell[35]/primdend2/GABA
/SPnetwork/SPcell[36]/secdend1/GABA
/SPnetwork/SPcell[38]/primdend1/GABA
/SPnetwork/SPcell[39]/secdend1/GABA
/SPnetwork/SPcell[40]/secdend6/GABA
/SPnetwork/SPcell[41]/soma/GABA
/SPnetwork/SPcell[42]/secdend3/GABA
/SPnetwork/SPcell[43]/soma/GABA
/SPnetwork/SPcell[44]/soma/GABA
/SPnetwork/SPcell[45]/soma/GABA
/SPnetwork/SPcell[46]/secdend2/GABA
/SPnetwork/SPcell[47]/secdend6/GABA
/SPnetwork/SPcell[49]/secdend1/GABA
/SPnetwork/SPcell[50]/secdend5/GABA
/SPnetwork/SPcell[51]/primdend2/GABA
/SPnetwork/SPcell[52]/soma/GABA
/SPnetwork/SPcell[53]/primdend1/GABA
/SPnetwork/SPcell[54]/primdend2/GABA
/SPnetwork/SPcell[56]/soma/GABA
/SPnetwork/SPcell[57]/soma/GABA
/SPnetwork/SPcell[58]/primdend1/GABA
/SPnetwork/SPcell[59]/soma/GABA
/SPnetwork/SPcell[60]/soma/GABA
/SPnetwork/SPcell[62]/secdend3/GABA
/SPnetwork/SPcell[63]/primdend3/GABA
/SPnetwork/SPcell[64]/secdend6/GABA
/SPnetwork/SPcell[65]/secdend5/GABA
/SPnetwork/SPcell[66]/secdend6/GABA
/SPnetwork/SPcell[67]/soma/GABA
/SPnetwork/SPcell[68]/soma/GABA
/SPnetwork/SPcell[69]/primdend2/GABA
/SPnetwork/SPcell[71]/soma/GABA
/SPnetwork/SPcell[72]/secdend3/GABA
/SPnetwork/SPcell[73]/soma/GABA
/SPnetwork/SPcell[74]/primdend3/GABA
/SPnetwork/SPcell[75]/secdend7/GABA
/SPnetwork/SPcell[76]/secdend7/GABA
/SPnetwork/SPcell[78]/primdend2/GABA
/SPnetwork/SPcell[80]/secdend7/GABA
/SPnetwork/SPcell[81]/soma/GABA
/SPnetwork/SPcell[82]/secdend7/GABA
/SPnetwork/SPcell[83]/secdend4/GABA
/SPnetwork/SPcell[85]/soma/GABA
/SPnetwork/SPcell[86]/secdend5/GABA
/SPnetwork/SPcell[87]/soma/GABA
/SPnetwork/SPcell[88]/secdend7/GABA
/SPnetwork/SPcell[89]/secdend1/GABA
/SPnetwork/SPcell[90]/primdend3/GABA
/SPnetwork/SPcell[91]/secdend4/GABA
/SPnetwork/SPcell[93]/primdend1/GABA
/SPnetwork/SPcell[94]/primdend3/GABA
/SPnetwork/SPcell[95]/primdend3/GABA
/SPnetwork/SPcell[97]/soma/GABA
/SPnetwork/SPcell[98]/secdend2/GABA

Pre-synaptic location
/FSnetwork/FScell[4]
Post-synaptic SP connections
/FSnetwork/FScell[1]/soma/GABA
/FSnetwork/FScell[3]/secdend1/GABA
/FSnetwork/FScell[6]/secdend4/GABA
/FSnetwork/FScell[7]/primdend1/GABA
/FSnetwork/FScell[8]/secdend5/GABA
/FSnetwork/FScell[9]/secdend5/GABA
/FSnetwork/FScell[12]/primdend2/GABA
/FSnetwork/FScell[13]/secdend2/sec_dend3/GABA
/FSnetwork/FScell[14]/soma/GABA
/FSnetwork/FScell[23]/secdend5/GABA
/FSnetwork/FScell[24]/secdend2/sec_dend3/GABA
/SPnetwork/SPcell/secdend4/GABA
/SPnetwork/SPcell[1]/soma/GABA
/SPnetwork/SPcell[3]/secdend6/GABA
/SPnetwork/SPcell[6]/soma/GABA
/SPnetwork/SPcell[7]/soma/GABA
/SPnetwork/SPcell[8]/secdend7/GABA
/SPnetwork/SPcell[9]/secdend4/GABA
/SPnetwork/SPcell[10]/soma/GABA
/SPnetwork/SPcell[11]/soma/GABA
/SPnetwork/SPcell[12]/secdend5/GABA
/SPnetwork/SPcell[13]/soma/GABA
/SPnetwork/SPcell[14]/secdend1/GABA
/SPnetwork/SPcell[15]/primdend3/GABA
/SPnetwork/SPcell[16]/primdend1/GABA
/SPnetwork/SPcell[17]/secdend1/GABA
/SPnetwork/SPcell[18]/soma/GABA
/SPnetwork/SPcell[19]/primdend2/GABA
/SPnetwork/SPcell[21]/primdend3/GABA
/SPnetwork/SPcell[22]/primdend3/GABA
/SPnetwork/SPcell[23]/soma/GABA
/SPnetwork/SPcell[24]/primdend1/GABA
/SPnetwork/SPcell[26]/secdend7/GABA
/SPnetwork/SPcell[27]/secdend4/GABA
/SPnetwork/SPcell[28]/secdend5/GABA
/SPnetwork/SPcell[29]/primdend1/GABA
/SPnetwork/SPcell[30]/soma/GABA
/SPnetwork/SPcell[31]/primdend3/GABA
/SPnetwork/SPcell[33]/soma/GABA
/SPnetwork/SPcell[34]/primdend1/GABA
/SPnetwork/SPcell[36]/secdend2/GABA
/SPnetwork/SPcell[37]/primdend2/GABA
/SPnetwork/SPcell[38]/primdend1/GABA
/SPnetwork/SPcell[39]/soma/GABA
/SPnetwork/SPcell[40]/secdend2/GABA
/SPnetwork/SPcell[41]/secdend2/GABA
/SPnetwork/SPcell[42]/primdend3/GABA
/SPnetwork/SPcell[44]/soma/GABA
/SPnetwork/SPcell[45]/soma/GABA
/SPnetwork/SPcell[46]/soma/GABA
/SPnetwork/SPcell[47]/soma/GABA
/SPnetwork/SPcell[48]/primdend3/GABA
/SPnetwork/SPcell[49]/soma/GABA
/SPnetwork/SPcell[51]/secdend1/GABA
/SPnetwork/SPcell[52]/secdend7/GABA
/SPnetwork/SPcell[53]/soma/GABA
/SPnetwork/SPcell[54]/primdend1/GABA
/SPnetwork/SPcell[55]/soma/GABA
/SPnetwork/SPcell[56]/primdend3/GABA
/SPnetwork/SPcell[57]/soma/GABA
/SPnetwork/SPcell[58]/secdend4/GABA
/SPnetwork/SPcell[60]/secdend1/GABA
/SPnetwork/SPcell[62]/primdend2/GABA
/SPnetwork/SPcell[63]/secdend4/GABA
/SPnetwork/SPcell[64]/primdend2/GABA
/SPnetwork/SPcell[65]/secdend1/GABA
/SPnetwork/SPcell[66]/soma/GABA
/SPnetwork/SPcell[67]/secdend4/GABA
/SPnetwork/SPcell[70]/secdend5/GABA
/SPnetwork/SPcell[71]/soma/GABA
/SPnetwork/SPcell[73]/secdend5/GABA
/SPnetwork/SPcell[77]/secdend7/GABA
/SPnetwork/SPcell[78]/secdend2/GABA
/SPnetwork/SPcell[79]/soma/GABA
/SPnetwork/SPcell[80]/secdend1/GABA
/SPnetwork/SPcell[82]/soma/GABA
/SPnetwork/SPcell[83]/primdend3/GABA
/SPnetwork/SPcell[85]/primdend2/GABA
/SPnetwork/SPcell[86]/soma/GABA
/SPnetwork/SPcell[89]/primdend3/GABA
/SPnetwork/SPcell[90]/soma/GABA
/SPnetwork/SPcell[91]/soma/GABA
/SPnetwork/SPcell[92]/primdend2/GABA
/SPnetwork/SPcell[93]/secdend5/GABA
/SPnetwork/SPcell[94]/primdend2/GABA
/SPnetwork/SPcell[98]/secdend7/GABA
/SPnetwork/SPcell[99]/secdend1/GABA

Pre-synaptic location
/FSnetwork/FScell[5]
Post-synaptic SP connections
/FSnetwork/FScell/secdend2/sec_dend2/GABA
/FSnetwork/FScell[1]/primdend2/GABA
/FSnetwork/FScell[2]/primdend1/GABA
/FSnetwork/FScell[3]/secdend3/GABA
/FSnetwork/FScell[6]/soma/GABA
/FSnetwork/FScell[7]/soma/GABA
/FSnetwork/FScell[8]/secdend4/GABA
/FSnetwork/FScell[9]/soma/GABA
/FSnetwork/FScell[10]/soma/GABA
/FSnetwork/FScell[11]/soma/GABA
/FSnetwork/FScell[12]/soma/GABA
/FSnetwork/FScell[13]/secdend1/sec_dend2/GABA
/FSnetwork/FScell[15]/soma/GABA
/FSnetwork/FScell[16]/secdend1/GABA
/FSnetwork/FScell[17]/primdend2/GABA
/FSnetwork/FScell[20]/soma/GABA
/FSnetwork/FScell[21]/secdend4/GABA
/SPnetwork/SPcell[1]/primdend1/GABA
/SPnetwork/SPcell[4]/soma/GABA
/SPnetwork/SPcell[7]/soma/GABA
/SPnetwork/SPcell[8]/primdend1/GABA
/SPnetwork/SPcell[10]/soma/GABA
/SPnetwork/SPcell[11]/secdend3/GABA
/SPnetwork/SPcell[12]/soma/GABA
/SPnetwork/SPcell[13]/primdend2/GABA
/SPnetwork/SPcell[14]/soma/GABA
/SPnetwork/SPcell[15]/soma/GABA
/SPnetwork/SPcell[17]/soma/GABA
/SPnetwork/SPcell[18]/primdend1/GABA
/SPnetwork/SPcell[21]/secdend3/GABA
/SPnetwork/SPcell[22]/soma/GABA
/SPnetwork/SPcell[23]/secdend5/GABA
/SPnetwork/SPcell[24]/soma/GABA
/SPnetwork/SPcell[25]/primdend2/GABA
/SPnetwork/SPcell[26]/secdend5/GABA
/SPnetwork/SPcell[27]/secdend1/GABA
/SPnetwork/SPcell[28]/primdend3/GABA
/SPnetwork/SPcell[30]/secdend5/GABA
/SPnetwork/SPcell[31]/secdend5/GABA
/SPnetwork/SPcell[33]/secdend4/GABA
/SPnetwork/SPcell[34]/secdend7/GABA
/SPnetwork/SPcell[35]/primdend1/GABA
/SPnetwork/SPcell[36]/primdend3/GABA
/SPnetwork/SPcell[37]/secdend2/GABA
/SPnetwork/SPcell[39]/soma/GABA
/SPnetwork/SPcell[40]/primdend2/GABA
/SPnetwork/SPcell[42]/primdend2/GABA
/SPnetwork/SPcell[43]/primdend2/GABA
/SPnetwork/SPcell[44]/soma/GABA
/SPnetwork/SPcell[46]/secdend6/GABA
/SPnetwork/SPcell[47]/primdend3/GABA
/SPnetwork/SPcell[49]/soma/GABA
/SPnetwork/SPcell[50]/primdend2/GABA
/SPnetwork/SPcell[51]/soma/GABA
/SPnetwork/SPcell[52]/secdend6/GABA
/SPnetwork/SPcell[53]/secdend6/GABA
/SPnetwork/SPcell[54]/soma/GABA
/SPnetwork/SPcell[55]/soma/GABA
/SPnetwork/SPcell[56]/secdend2/GABA
/SPnetwork/SPcell[57]/secdend5/GABA
/SPnetwork/SPcell[59]/soma/GABA
/SPnetwork/SPcell[61]/soma/GABA
/SPnetwork/SPcell[62]/secdend2/GABA
/SPnetwork/SPcell[63]/secdend7/GABA
/SPnetwork/SPcell[64]/secdend5/GABA
/SPnetwork/SPcell[66]/soma/GABA
/SPnetwork/SPcell[67]/primdend3/GABA
/SPnetwork/SPcell[68]/primdend3/GABA
/SPnetwork/SPcell[69]/primdend2/GABA
/SPnetwork/SPcell[70]/primdend3/GABA
/SPnetwork/SPcell[71]/soma/GABA
/SPnetwork/SPcell[72]/secdend6/GABA
/SPnetwork/SPcell[74]/soma/GABA
/SPnetwork/SPcell[75]/primdend2/GABA
/SPnetwork/SPcell[76]/secdend6/GABA
/SPnetwork/SPcell[77]/secdend2/GABA
/SPnetwork/SPcell[78]/primdend2/GABA
/SPnetwork/SPcell[81]/primdend3/GABA
/SPnetwork/SPcell[82]/primdend2/GABA
/SPnetwork/SPcell[84]/secdend6/GABA
/SPnetwork/SPcell[85]/soma/GABA
/SPnetwork/SPcell[86]/secdend3/GABA
/SPnetwork/SPcell[87]/soma/GABA
/SPnetwork/SPcell[89]/soma/GABA
/SPnetwork/SPcell[90]/soma/GABA
/SPnetwork/SPcell[91]/secdend7/GABA
/SPnetwork/SPcell[92]/secdend3/GABA
/SPnetwork/SPcell[94]/primdend1/GABA
/SPnetwork/SPcell[97]/secdend5/GABA

Pre-synaptic location
/FSnetwork/FScell[6]
Post-synaptic SP connections
/FSnetwork/FScell/soma/GABA
/FSnetwork/FScell[1]/secdend4/sec_dend3/GABA
/FSnetwork/FScell[2]/secdend3/GABA
/FSnetwork/FScell[3]/soma/GABA
/FSnetwork/FScell[4]/secdend1/sec_dend2/GABA
/FSnetwork/FScell[5]/primdend1/GABA
/FSnetwork/FScell[7]/primdend1/GABA
/FSnetwork/FScell[10]/primdend2/GABA
/FSnetwork/FScell[11]/secdend5/sec_dend2/GABA
/FSnetwork/FScell[12]/secdend3/GABA
/FSnetwork/FScell[13]/primdend1/GABA
/FSnetwork/FScell[14]/primdend1/GABA
/FSnetwork/FScell[15]/primdend1/GABA
/FSnetwork/FScell[16]/primdend1/GABA
/FSnetwork/FScell[17]/primdend1/GABA
/FSnetwork/FScell[18]/soma/GABA
/FSnetwork/FScell[21]/soma/GABA
/SPnetwork/SPcell/primdend1/GABA
/SPnetwork/SPcell[3]/soma/GABA
/SPnetwork/SPcell[4]/soma/GABA
/SPnetwork/SPcell[5]/secdend4/GABA
/SPnetwork/SPcell[7]/primdend2/GABA
/SPnetwork/SPcell[8]/secdend6/GABA
/SPnetwork/SPcell[10]/primdend2/GABA
/SPnetwork/SPcell[11]/soma/GABA
/SPnetwork/SPcell[13]/primdend1/GABA
/SPnetwork/SPcell[15]/soma/GABA
/SPnetwork/SPcell[16]/primdend1/GABA
/SPnetwork/SPcell[17]/soma/GABA
/SPnetwork/SPcell[18]/secdend7/GABA
/SPnetwork/SPcell[19]/secdend5/GABA
/SPnetwork/SPcell[21]/secdend1/GABA
/SPnetwork/SPcell[22]/primdend3/GABA
/SPnetwork/SPcell[23]/secdend4/GABA
/SPnetwork/SPcell[24]/primdend2/GABA
/SPnetwork/SPcell[25]/primdend3/GABA
/SPnetwork/SPcell[27]/primdend1/GABA
/SPnetwork/SPcell[29]/soma/GABA
/SPnetwork/SPcell[31]/soma/GABA
/SPnetwork/SPcell[32]/soma/GABA
/SPnetwork/SPcell[33]/soma/GABA
/SPnetwork/SPcell[34]/secdend6/GABA
/SPnetwork/SPcell[35]/primdend2/GABA
/SPnetwork/SPcell[36]/secdend3/GABA
/SPnetwork/SPcell[38]/secdend3/GABA
/SPnetwork/SPcell[39]/secdend7/GABA
/SPnetwork/SPcell[40]/soma/GABA
/SPnetwork/SPcell[41]/primdend1/GABA
/SPnetwork/SPcell[44]/secdend7/GABA
/SPnetwork/SPcell[45]/primdend3/GABA
/SPnetwork/SPcell[46]/primdend3/GABA
/SPnetwork/SPcell[47]/primdend3/GABA
/SPnetwork/SPcell[48]/soma/GABA
/SPnetwork/SPcell[49]/soma/GABA
/SPnetwork/SPcell[50]/primdend2/GABA
/SPnetwork/SPcell[54]/secdend7/GABA
/SPnetwork/SPcell[56]/secdend6/GABA
/SPnetwork/SPcell[58]/soma/GABA
/SPnetwork/SPcell[59]/soma/GABA
/SPnetwork/SPcell[60]/secdend3/GABA
/SPnetwork/SPcell[62]/secdend2/GABA
/SPnetwork/SPcell[63]/soma/GABA
/SPnetwork/SPcell[64]/soma/GABA
/SPnetwork/SPcell[65]/secdend2/GABA
/SPnetwork/SPcell[66]/secdend2/GABA
/SPnetwork/SPcell[67]/primdend3/GABA
/SPnetwork/SPcell[68]/secdend7/GABA
/SPnetwork/SPcell[70]/soma/GABA
/SPnetwork/SPcell[71]/soma/GABA
/SPnetwork/SPcell[72]/secdend1/GABA
/SPnetwork/SPcell[73]/primdend3/GABA
/SPnetwork/SPcell[74]/primdend2/GABA
/SPnetwork/SPcell[75]/primdend1/GABA
/SPnetwork/SPcell[76]/secdend4/GABA
/SPnetwork/SPcell[77]/secdend2/GABA
/SPnetwork/SPcell[78]/soma/GABA
/SPnetwork/SPcell[79]/primdend2/GABA
/SPnetwork/SPcell[80]/soma/GABA
/SPnetwork/SPcell[81]/soma/GABA
/SPnetwork/SPcell[82]/primdend1/GABA
/SPnetwork/SPcell[83]/soma/GABA
/SPnetwork/SPcell[86]/secdend6/GABA
/SPnetwork/SPcell[87]/secdend3/GABA
/SPnetwork/SPcell[89]/soma/GABA
/SPnetwork/SPcell[90]/primdend2/GABA
/SPnetwork/SPcell[91]/primdend1/GABA
/SPnetwork/SPcell[92]/primdend3/GABA
/SPnetwork/SPcell[94]/secdend3/GABA
/SPnetwork/SPcell[95]/soma/GABA
/SPnetwork/SPcell[96]/secdend7/GABA
/SPnetwork/SPcell[98]/primdend3/GABA
/SPnetwork/SPcell[99]/soma/GABA

Pre-synaptic location
/FSnetwork/FScell[7]
Post-synaptic SP connections
/FSnetwork/FScell/primdend1/GABA
/FSnetwork/FScell[1]/primdend2/GABA
/FSnetwork/FScell[2]/secdend3/GABA
/FSnetwork/FScell[3]/secdend4/GABA
/FSnetwork/FScell[4]/secdend1/sec_dend2/GABA
/FSnetwork/FScell[5]/soma/GABA
/FSnetwork/FScell[6]/soma/GABA
/FSnetwork/FScell[8]/secdend2/GABA
/FSnetwork/FScell[9]/secdend1/sec_dend2/GABA
/FSnetwork/FScell[10]/soma/GABA
/FSnetwork/FScell[11]/secdend3/sec_dend2/GABA
/FSnetwork/FScell[13]/secdend2/GABA
/FSnetwork/FScell[14]/secdend1/sec_dend2/GABA
/FSnetwork/FScell[15]/secdend3/GABA
/FSnetwork/FScell[16]/secdend3/sec_dend3/GABA
/FSnetwork/FScell[17]/primdend1/GABA
/FSnetwork/FScell[19]/secdend3/sec_dend3/GABA
/FSnetwork/FScell[20]/soma/GABA
/FSnetwork/FScell[21]/primdend1/GABA
/SPnetwork/SPcell/primdend1/GABA
/SPnetwork/SPcell[1]/secdend5/GABA
/SPnetwork/SPcell[3]/primdend3/GABA
/SPnetwork/SPcell[4]/primdend3/GABA
/SPnetwork/SPcell[5]/soma/GABA
/SPnetwork/SPcell[6]/secdend6/GABA
/SPnetwork/SPcell[8]/soma/GABA
/SPnetwork/SPcell[10]/primdend3/GABA
/SPnetwork/SPcell[12]/primdend2/GABA
/SPnetwork/SPcell[14]/soma/GABA
/SPnetwork/SPcell[15]/primdend2/GABA
/SPnetwork/SPcell[17]/secdend5/GABA
/SPnetwork/SPcell[18]/secdend2/GABA
/SPnetwork/SPcell[20]/secdend4/GABA
/SPnetwork/SPcell[21]/secdend3/GABA
/SPnetwork/SPcell[22]/soma/GABA
/SPnetwork/SPcell[23]/soma/GABA
/SPnetwork/SPcell[24]/soma/GABA
/SPnetwork/SPcell[25]/soma/GABA
/SPnetwork/SPcell[27]/secdend3/GABA
/SPnetwork/SPcell[28]/soma/GABA
/SPnetwork/SPcell[29]/primdend2/GABA
/SPnetwork/SPcell[31]/soma/GABA
/SPnetwork/SPcell[32]/soma/GABA
/SPnetwork/SPcell[33]/primdend2/GABA
/SPnetwork/SPcell[34]/soma/GABA
/SPnetwork/SPcell[35]/secdend6/GABA
/SPnetwork/SPcell[36]/primdend1/GABA
/SPnetwork/SPcell[37]/secdend2/GABA
/SPnetwork/SPcell[38]/secdend2/GABA
/SPnetwork/SPcell[42]/primdend3/GABA
/SPnetwork/SPcell[43]/secdend3/GABA
/SPnetwork/SPcell[44]/soma/GABA
/SPnetwork/SPcell[45]/secdend7/GABA
/SPnetwork/SPcell[47]/primdend2/GABA
/SPnetwork/SPcell[49]/soma/GABA
/SPnetwork/SPcell[50]/primdend2/GABA
/SPnetwork/SPcell[51]/primdend2/GABA
/SPnetwork/SPcell[52]/soma/GABA
/SPnetwork/SPcell[53]/primdend1/GABA
/SPnetwork/SPcell[54]/secdend7/GABA
/SPnetwork/SPcell[55]/secdend6/GABA
/SPnetwork/SPcell[56]/primdend1/GABA
/SPnetwork/SPcell[57]/primdend3/GABA
/SPnetwork/SPcell[58]/primdend1/GABA
/SPnetwork/SPcell[59]/soma/GABA
/SPnetwork/SPcell[60]/primdend1/GABA
/SPnetwork/SPcell[61]/primdend3/GABA
/SPnetwork/SPcell[62]/secdend7/GABA
/SPnetwork/SPcell[63]/secdend3/GABA
/SPnetwork/SPcell[64]/primdend1/GABA
/SPnetwork/SPcell[65]/secdend2/GABA
/SPnetwork/SPcell[66]/secdend3/GABA
/SPnetwork/SPcell[67]/soma/GABA
/SPnetwork/SPcell[68]/secdend6/GABA
/SPnetwork/SPcell[69]/primdend3/GABA
/SPnetwork/SPcell[70]/secdend4/GABA
/SPnetwork/SPcell[71]/soma/GABA
/SPnetwork/SPcell[72]/secdend2/GABA
/SPnetwork/SPcell[73]/secdend7/GABA
/SPnetwork/SPcell[75]/soma/GABA
/SPnetwork/SPcell[76]/secdend3/GABA
/SPnetwork/SPcell[77]/soma/GABA
/SPnetwork/SPcell[78]/soma/GABA
/SPnetwork/SPcell[79]/secdend1/GABA
/SPnetwork/SPcell[80]/soma/GABA
/SPnetwork/SPcell[81]/secdend6/GABA
/SPnetwork/SPcell[83]/soma/GABA
/SPnetwork/SPcell[84]/secdend1/GABA
/SPnetwork/SPcell[85]/soma/GABA
/SPnetwork/SPcell[86]/primdend2/GABA
/SPnetwork/SPcell[87]/primdend1/GABA
/SPnetwork/SPcell[88]/soma/GABA
/SPnetwork/SPcell[89]/primdend2/GABA
/SPnetwork/SPcell[90]/primdend3/GABA
/SPnetwork/SPcell[91]/primdend1/GABA
/SPnetwork/SPcell[92]/primdend1/GABA
/SPnetwork/SPcell[94]/secdend3/GABA
/SPnetwork/SPcell[96]/secdend2/GABA
/SPnetwork/SPcell[97]/secdend5/GABA
/SPnetwork/SPcell[98]/primdend1/GABA
/SPnetwork/SPcell[99]/secdend2/GABA

Pre-synaptic location
/FSnetwork/FScell[8]
Post-synaptic SP connections
/FSnetwork/FScell/secdend1/sec_dend2/GABA
/FSnetwork/FScell[1]/primdend1/GABA
/FSnetwork/FScell[2]/soma/GABA
/FSnetwork/FScell[3]/secdend4/sec_dend2/GABA
/FSnetwork/FScell[4]/secdend2/sec_dend2/GABA
/FSnetwork/FScell[5]/soma/GABA
/FSnetwork/FScell[6]/soma/GABA
/FSnetwork/FScell[7]/primdend2/GABA
/FSnetwork/FScell[9]/primdend2/GABA
/FSnetwork/FScell[11]/secdend4/GABA
/FSnetwork/FScell[12]/secdend3/sec_dend2/GABA
/FSnetwork/FScell[13]/secdend1/sec_dend3/GABA
/FSnetwork/FScell[14]/primdend1/GABA
/FSnetwork/FScell[16]/soma/GABA
/FSnetwork/FScell[17]/primdend1/GABA
/FSnetwork/FScell[19]/soma/GABA
/FSnetwork/FScell[22]/soma/GABA
/FSnetwork/FScell[23]/secdend1/sec_dend3/GABA
/SPnetwork/SPcell[3]/primdend1/GABA
/SPnetwork/SPcell[4]/primdend2/GABA
/SPnetwork/SPcell[5]/soma/GABA
/SPnetwork/SPcell[6]/primdend1/GABA
/SPnetwork/SPcell[7]/secdend5/GABA
/SPnetwork/SPcell[9]/secdend5/GABA
/SPnetwork/SPcell[10]/secdend6/GABA
/SPnetwork/SPcell[11]/primdend2/GABA
/SPnetwork/SPcell[12]/primdend2/GABA
/SPnetwork/SPcell[14]/soma/GABA
/SPnetwork/SPcell[15]/secdend5/GABA
/SPnetwork/SPcell[16]/soma/GABA
/SPnetwork/SPcell[17]/secdend6/GABA
/SPnetwork/SPcell[18]/primdend1/GABA
/SPnetwork/SPcell[19]/secdend1/GABA
/SPnetwork/SPcell[20]/secdend1/GABA
/SPnetwork/SPcell[22]/primdend3/GABA
/SPnetwork/SPcell[23]/soma/GABA
/SPnetwork/SPcell[25]/secdend6/GABA
/SPnetwork/SPcell[27]/primdend2/GABA
/SPnetwork/SPcell[28]/primdend1/GABA
/SPnetwork/SPcell[29]/secdend4/GABA
/SPnetwork/SPcell[31]/soma/GABA
/SPnetwork/SPcell[33]/secdend2/GABA
/SPnetwork/SPcell[34]/primdend1/GABA
/SPnetwork/SPcell[36]/soma/GABA
/SPnetwork/SPcell[38]/primdend1/GABA
/SPnetwork/SPcell[39]/secdend4/GABA
/SPnetwork/SPcell[40]/primdend1/GABA
/SPnetwork/SPcell[41]/primdend1/GABA
/SPnetwork/SPcell[42]/primdend1/GABA
/SPnetwork/SPcell[44]/soma/GABA
/SPnetwork/SPcell[45]/secdend3/GABA
/SPnetwork/SPcell[46]/soma/GABA
/SPnetwork/SPcell[49]/primdend2/GABA
/SPnetwork/SPcell[50]/secdend5/GABA
/SPnetwork/SPcell[51]/secdend2/GABA
/SPnetwork/SPcell[52]/soma/GABA
/SPnetwork/SPcell[54]/primdend1/GABA
/SPnetwork/SPcell[56]/primdend1/GABA
/SPnetwork/SPcell[57]/soma/GABA
/SPnetwork/SPcell[58]/primdend1/GABA
/SPnetwork/SPcell[59]/soma/GABA
/SPnetwork/SPcell[61]/primdend2/GABA
/SPnetwork/SPcell[62]/soma/GABA
/SPnetwork/SPcell[63]/primdend1/GABA
/SPnetwork/SPcell[64]/primdend2/GABA
/SPnetwork/SPcell[65]/soma/GABA
/SPnetwork/SPcell[66]/soma/GABA
/SPnetwork/SPcell[68]/primdend3/GABA
/SPnetwork/SPcell[69]/primdend1/GABA
/SPnetwork/SPcell[70]/secdend3/GABA
/SPnetwork/SPcell[71]/primdend3/GABA
/SPnetwork/SPcell[72]/secdend3/GABA
/SPnetwork/SPcell[73]/soma/GABA
/SPnetwork/SPcell[75]/soma/GABA
/SPnetwork/SPcell[76]/soma/GABA
/SPnetwork/SPcell[77]/primdend3/GABA
/SPnetwork/SPcell[78]/primdend2/GABA
/SPnetwork/SPcell[79]/primdend2/GABA
/SPnetwork/SPcell[80]/secdend1/GABA
/SPnetwork/SPcell[83]/primdend2/GABA
/SPnetwork/SPcell[84]/primdend1/GABA
/SPnetwork/SPcell[85]/soma/GABA
/SPnetwork/SPcell[86]/soma/GABA
/SPnetwork/SPcell[87]/primdend1/GABA
/SPnetwork/SPcell[88]/soma/GABA
/SPnetwork/SPcell[90]/secdend2/GABA
/SPnetwork/SPcell[91]/secdend5/GABA
/SPnetwork/SPcell[93]/soma/GABA
/SPnetwork/SPcell[94]/secdend2/GABA
/SPnetwork/SPcell[97]/primdend1/GABA
/SPnetwork/SPcell[99]/soma/GABA

Pre-synaptic location
/FSnetwork/FScell[9]
Post-synaptic SP connections
/FSnetwork/FScell/soma/GABA
/FSnetwork/FScell[3]/secdend3/sec_dend3/GABA
/FSnetwork/FScell[4]/soma/GABA
/FSnetwork/FScell[7]/primdend1/GABA
/FSnetwork/FScell[8]/primdend2/GABA
/FSnetwork/FScell[11]/primdend2/GABA
/FSnetwork/FScell[13]/primdend1/GABA
/FSnetwork/FScell[14]/secdend1/sec_dend3/GABA
/FSnetwork/FScell[18]/soma/GABA
/FSnetwork/FScell[23]/secdend3/GABA
/FSnetwork/FScell[24]/soma/GABA
/SPnetwork/SPcell/soma/GABA
/SPnetwork/SPcell[1]/primdend2/GABA
/SPnetwork/SPcell[2]/secdend3/GABA
/SPnetwork/SPcell[4]/soma/GABA
/SPnetwork/SPcell[5]/primdend3/GABA
/SPnetwork/SPcell[6]/soma/GABA
/SPnetwork/SPcell[8]/secdend1/GABA
/SPnetwork/SPcell[10]/secdend7/GABA
/SPnetwork/SPcell[13]/primdend3/GABA
/SPnetwork/SPcell[14]/primdend2/GABA
/SPnetwork/SPcell[15]/primdend1/GABA
/SPnetwork/SPcell[16]/soma/GABA
/SPnetwork/SPcell[18]/secdend7/GABA
/SPnetwork/SPcell[20]/soma/GABA
/SPnetwork/SPcell[21]/secdend1/GABA
/SPnetwork/SPcell[25]/secdend3/GABA
/SPnetwork/SPcell[26]/primdend1/GABA
/SPnetwork/SPcell[27]/primdend2/GABA
/SPnetwork/SPcell[28]/secdend5/GABA
/SPnetwork/SPcell[29]/primdend3/GABA
/SPnetwork/SPcell[30]/primdend3/GABA
/SPnetwork/SPcell[31]/primdend2/GABA
/SPnetwork/SPcell[32]/soma/GABA
/SPnetwork/SPcell[33]/secdend1/GABA
/SPnetwork/SPcell[34]/primdend2/GABA
/SPnetwork/SPcell[35]/secdend1/GABA
/SPnetwork/SPcell[37]/soma/GABA
/SPnetwork/SPcell[38]/primdend2/GABA
/SPnetwork/SPcell[40]/secdend1/GABA
/SPnetwork/SPcell[41]/primdend2/GABA
/SPnetwork/SPcell[42]/secdend6/GABA
/SPnetwork/SPcell[43]/soma/GABA
/SPnetwork/SPcell[48]/soma/GABA
/SPnetwork/SPcell[49]/secdend2/GABA
/SPnetwork/SPcell[50]/primdend1/GABA
/SPnetwork/SPcell[51]/primdend3/GABA
/SPnetwork/SPcell[52]/soma/GABA
/SPnetwork/SPcell[53]/primdend3/GABA
/SPnetwork/SPcell[54]/secdend4/GABA
/SPnetwork/SPcell[55]/secdend7/GABA
/SPnetwork/SPcell[56]/primdend3/GABA
/SPnetwork/SPcell[57]/soma/GABA
/SPnetwork/SPcell[58]/soma/GABA
/SPnetwork/SPcell[59]/primdend3/GABA
/SPnetwork/SPcell[60]/soma/GABA
/SPnetwork/SPcell[61]/primdend1/GABA
/SPnetwork/SPcell[62]/soma/GABA
/SPnetwork/SPcell[71]/primdend1/GABA
/SPnetwork/SPcell[72]/soma/GABA
/SPnetwork/SPcell[73]/primdend1/GABA
/SPnetwork/SPcell[75]/primdend3/GABA
/SPnetwork/SPcell[76]/primdend1/GABA
/SPnetwork/SPcell[77]/secdend4/GABA
/SPnetwork/SPcell[78]/soma/GABA
/SPnetwork/SPcell[80]/soma/GABA
/SPnetwork/SPcell[81]/soma/GABA
/SPnetwork/SPcell[82]/soma/GABA
/SPnetwork/SPcell[83]/soma/GABA
/SPnetwork/SPcell[87]/secdend4/GABA
/SPnetwork/SPcell[88]/primdend2/GABA
/SPnetwork/SPcell[89]/soma/GABA
/SPnetwork/SPcell[90]/soma/GABA
/SPnetwork/SPcell[91]/soma/GABA
/SPnetwork/SPcell[93]/primdend2/GABA
/SPnetwork/SPcell[96]/primdend3/GABA
/SPnetwork/SPcell[97]/secdend3/GABA
/SPnetwork/SPcell[98]/secdend7/GABA
/SPnetwork/SPcell[99]/soma/GABA

Pre-synaptic location
/FSnetwork/FScell[10]
Post-synaptic SP connections
/FSnetwork/FScell[1]/secdend5/sec_dend2/GABA
/FSnetwork/FScell[2]/secdend4/sec_dend3/GABA
/FSnetwork/FScell[4]/primdend2/GABA
/FSnetwork/FScell[5]/secdend5/GABA
/FSnetwork/FScell[6]/primdend1/GABA
/FSnetwork/FScell[7]/soma/GABA
/FSnetwork/FScell[8]/secdend5/GABA
/FSnetwork/FScell[11]/secdend4/sec_dend2/GABA
/FSnetwork/FScell[13]/secdend2/sec_dend3/GABA
/FSnetwork/FScell[15]/soma/GABA
/FSnetwork/FScell[16]/secdend5/GABA
/FSnetwork/FScell[17]/soma/GABA
/FSnetwork/FScell[19]/secdend5/sec_dend3/GABA
/FSnetwork/FScell[21]/secdend2/sec_dend3/GABA
/FSnetwork/FScell[22]/primdend1/GABA
/FSnetwork/FScell[23]/primdend1/GABA
/FSnetwork/FScell[24]/secdend2/sec_dend2/GABA
/SPnetwork/SPcell[1]/secdend1/GABA
/SPnetwork/SPcell[4]/secdend7/GABA
/SPnetwork/SPcell[6]/soma/GABA
/SPnetwork/SPcell[7]/soma/GABA
/SPnetwork/SPcell[9]/secdend3/GABA
/SPnetwork/SPcell[11]/secdend5/GABA
/SPnetwork/SPcell[12]/primdend2/GABA
/SPnetwork/SPcell[13]/primdend1/GABA
/SPnetwork/SPcell[14]/primdend3/GABA
/SPnetwork/SPcell[15]/soma/GABA
/SPnetwork/SPcell[16]/primdend1/GABA
/SPnetwork/SPcell[17]/primdend2/GABA
/SPnetwork/SPcell[18]/secdend5/GABA
/SPnetwork/SPcell[21]/secdend2/GABA
/SPnetwork/SPcell[23]/secdend2/GABA
/SPnetwork/SPcell[24]/soma/GABA
/SPnetwork/SPcell[25]/soma/GABA
/SPnetwork/SPcell[26]/secdend4/GABA
/SPnetwork/SPcell[27]/primdend2/GABA
/SPnetwork/SPcell[28]/primdend3/GABA
/SPnetwork/SPcell[29]/soma/GABA
/SPnetwork/SPcell[32]/soma/GABA
/SPnetwork/SPcell[33]/primdend2/GABA
/SPnetwork/SPcell[37]/secdend3/GABA
/SPnetwork/SPcell[38]/primdend1/GABA
/SPnetwork/SPcell[40]/secdend3/GABA
/SPnetwork/SPcell[42]/soma/GABA
/SPnetwork/SPcell[43]/primdend3/GABA
/SPnetwork/SPcell[44]/soma/GABA
/SPnetwork/SPcell[45]/secdend1/GABA
/SPnetwork/SPcell[47]/soma/GABA
/SPnetwork/SPcell[48]/primdend3/GABA
/SPnetwork/SPcell[49]/soma/GABA
/SPnetwork/SPcell[50]/soma/GABA
/SPnetwork/SPcell[51]/primdend2/GABA
/SPnetwork/SPcell[52]/primdend1/GABA
/SPnetwork/SPcell[53]/primdend1/GABA
/SPnetwork/SPcell[54]/soma/GABA
/SPnetwork/SPcell[55]/secdend6/GABA
/SPnetwork/SPcell[56]/primdend3/GABA
/SPnetwork/SPcell[57]/primdend2/GABA
/SPnetwork/SPcell[59]/soma/GABA
/SPnetwork/SPcell[60]/soma/GABA
/SPnetwork/SPcell[61]/secdend6/GABA
/SPnetwork/SPcell[62]/primdend2/GABA
/SPnetwork/SPcell[65]/secdend6/GABA
/SPnetwork/SPcell[66]/primdend1/GABA
/SPnetwork/SPcell[67]/secdend3/GABA
/SPnetwork/SPcell[68]/primdend3/GABA
/SPnetwork/SPcell[69]/primdend3/GABA
/SPnetwork/SPcell[70]/soma/GABA
/SPnetwork/SPcell[71]/secdend1/GABA
/SPnetwork/SPcell[73]/secdend3/GABA
/SPnetwork/SPcell[74]/secdend4/GABA
/SPnetwork/SPcell[75]/primdend1/GABA
/SPnetwork/SPcell[76]/secdend4/GABA
/SPnetwork/SPcell[77]/primdend3/GABA
/SPnetwork/SPcell[78]/soma/GABA
/SPnetwork/SPcell[79]/secdend7/GABA
/SPnetwork/SPcell[81]/secdend2/GABA
/SPnetwork/SPcell[83]/secdend5/GABA
/SPnetwork/SPcell[84]/soma/GABA
/SPnetwork/SPcell[85]/secdend4/GABA
/SPnetwork/SPcell[86]/primdend1/GABA
/SPnetwork/SPcell[87]/secdend1/GABA
/SPnetwork/SPcell[88]/primdend2/GABA
/SPnetwork/SPcell[89]/soma/GABA
/SPnetwork/SPcell[90]/secdend4/GABA
/SPnetwork/SPcell[91]/soma/GABA
/SPnetwork/SPcell[93]/soma/GABA
/SPnetwork/SPcell[94]/secdend3/GABA
/SPnetwork/SPcell[95]/primdend2/GABA
/SPnetwork/SPcell[96]/secdend5/GABA
/SPnetwork/SPcell[97]/secdend7/GABA
/SPnetwork/SPcell[99]/primdend3/GABA

Pre-synaptic location
/FSnetwork/FScell[11]
Post-synaptic SP connections
/FSnetwork/FScell[1]/primdend1/GABA
/FSnetwork/FScell[3]/primdend1/GABA
/FSnetwork/FScell[4]/secdend5/sec_dend3/GABA
/FSnetwork/FScell[5]/soma/GABA
/FSnetwork/FScell[6]/secdend1/GABA
/FSnetwork/FScell[7]/secdend3/GABA
/FSnetwork/FScell[8]/primdend2/GABA
/FSnetwork/FScell[10]/secdend3/sec_dend2/GABA
/FSnetwork/FScell[12]/secdend2/sec_dend3/GABA
/FSnetwork/FScell[13]/secdend4/GABA
/FSnetwork/FScell[15]/primdend2/GABA
/FSnetwork/FScell[16]/secdend2/GABA
/FSnetwork/FScell[18]/secdend2/sec_dend2/GABA
/FSnetwork/FScell[19]/soma/GABA
/FSnetwork/FScell[20]/primdend2/GABA
/FSnetwork/FScell[22]/secdend5/GABA
/FSnetwork/FScell[23]/secdend3/GABA
/SPnetwork/SPcell/soma/GABA
/SPnetwork/SPcell[2]/secdend1/GABA
/SPnetwork/SPcell[3]/primdend1/GABA
/SPnetwork/SPcell[4]/secdend4/GABA
/SPnetwork/SPcell[7]/secdend1/GABA
/SPnetwork/SPcell[8]/soma/GABA
/SPnetwork/SPcell[12]/primdend2/GABA
/SPnetwork/SPcell[13]/soma/GABA
/SPnetwork/SPcell[14]/secdend2/GABA
/SPnetwork/SPcell[15]/secdend4/GABA
/SPnetwork/SPcell[17]/soma/GABA
/SPnetwork/SPcell[18]/soma/GABA
/SPnetwork/SPcell[20]/soma/GABA
/SPnetwork/SPcell[21]/soma/GABA
/SPnetwork/SPcell[22]/soma/GABA
/SPnetwork/SPcell[24]/primdend3/GABA
/SPnetwork/SPcell[25]/primdend2/GABA
/SPnetwork/SPcell[27]/soma/GABA
/SPnetwork/SPcell[28]/primdend3/GABA
/SPnetwork/SPcell[29]/secdend7/GABA
/SPnetwork/SPcell[30]/primdend2/GABA
/SPnetwork/SPcell[31]/secdend1/GABA
/SPnetwork/SPcell[32]/primdend2/GABA
/SPnetwork/SPcell[34]/soma/GABA
/SPnetwork/SPcell[35]/secdend2/GABA
/SPnetwork/SPcell[36]/soma/GABA
/SPnetwork/SPcell[37]/soma/GABA
/SPnetwork/SPcell[38]/soma/GABA
/SPnetwork/SPcell[39]/secdend3/GABA
/SPnetwork/SPcell[43]/primdend3/GABA
/SPnetwork/SPcell[44]/soma/GABA
/SPnetwork/SPcell[45]/soma/GABA
/SPnetwork/SPcell[46]/soma/GABA
/SPnetwork/SPcell[48]/secdend6/GABA
/SPnetwork/SPcell[49]/primdend2/GABA
/SPnetwork/SPcell[50]/soma/GABA
/SPnetwork/SPcell[51]/soma/GABA
/SPnetwork/SPcell[53]/secdend4/GABA
/SPnetwork/SPcell[55]/primdend1/GABA
/SPnetwork/SPcell[56]/secdend5/GABA
/SPnetwork/SPcell[58]/soma/GABA
/SPnetwork/SPcell[60]/primdend1/GABA
/SPnetwork/SPcell[61]/primdend1/GABA
/SPnetwork/SPcell[62]/soma/GABA
/SPnetwork/SPcell[64]/secdend6/GABA
/SPnetwork/SPcell[65]/soma/GABA
/SPnetwork/SPcell[68]/secdend6/GABA
/SPnetwork/SPcell[70]/primdend2/GABA
/SPnetwork/SPcell[72]/secdend5/GABA
/SPnetwork/SPcell[76]/primdend1/GABA
/SPnetwork/SPcell[78]/secdend6/GABA
/SPnetwork/SPcell[79]/primdend3/GABA
/SPnetwork/SPcell[80]/soma/GABA
/SPnetwork/SPcell[83]/primdend1/GABA
/SPnetwork/SPcell[87]/primdend1/GABA
/SPnetwork/SPcell[88]/soma/GABA
/SPnetwork/SPcell[89]/secdend3/GABA
/SPnetwork/SPcell[91]/soma/GABA
/SPnetwork/SPcell[92]/secdend1/GABA
/SPnetwork/SPcell[93]/secdend5/GABA
/SPnetwork/SPcell[94]/soma/GABA
/SPnetwork/SPcell[96]/soma/GABA
/SPnetwork/SPcell[97]/primdend3/GABA
/SPnetwork/SPcell[98]/soma/GABA
/SPnetwork/SPcell[99]/primdend3/GABA

Pre-synaptic location
/FSnetwork/FScell[12]
Post-synaptic SP connections
/FSnetwork/FScell/primdend2/GABA
/FSnetwork/FScell[1]/soma/GABA
/FSnetwork/FScell[2]/secdend4/GABA
/FSnetwork/FScell[3]/primdend1/GABA
/FSnetwork/FScell[4]/secdend1/GABA
/FSnetwork/FScell[5]/primdend1/GABA
/FSnetwork/FScell[6]/primdend2/GABA
/FSnetwork/FScell[7]/primdend2/GABA
/FSnetwork/FScell[8]/soma/GABA
/FSnetwork/FScell[9]/soma/GABA
/FSnetwork/FScell[11]/primdend2/GABA
/FSnetwork/FScell[13]/primdend1/GABA
/FSnetwork/FScell[15]/secdend2/sec_dend3/GABA
/FSnetwork/FScell[16]/soma/GABA
/FSnetwork/FScell[17]/secdend3/GABA
/FSnetwork/FScell[18]/soma/GABA
/FSnetwork/FScell[19]/secdend4/sec_dend2/GABA
/FSnetwork/FScell[20]/secdend1/GABA
/FSnetwork/FScell[21]/secdend4/sec_dend2/GABA
/FSnetwork/FScell[23]/primdend1/GABA
/FSnetwork/FScell[24]/secdend2/sec_dend2/GABA
/SPnetwork/SPcell/soma/GABA
/SPnetwork/SPcell[1]/primdend2/GABA
/SPnetwork/SPcell[2]/soma/GABA
/SPnetwork/SPcell[4]/primdend1/GABA
/SPnetwork/SPcell[6]/soma/GABA
/SPnetwork/SPcell[9]/secdend1/GABA
/SPnetwork/SPcell[10]/primdend1/GABA
/SPnetwork/SPcell[11]/primdend1/GABA
/SPnetwork/SPcell[13]/primdend1/GABA
/SPnetwork/SPcell[15]/primdend2/GABA
/SPnetwork/SPcell[17]/primdend3/GABA
/SPnetwork/SPcell[20]/secdend4/GABA
/SPnetwork/SPcell[23]/secdend1/GABA
/SPnetwork/SPcell[24]/primdend2/GABA
/SPnetwork/SPcell[25]/primdend1/GABA
/SPnetwork/SPcell[26]/soma/GABA
/SPnetwork/SPcell[27]/soma/GABA
/SPnetwork/SPcell[28]/secdend2/GABA
/SPnetwork/SPcell[29]/secdend5/GABA
/SPnetwork/SPcell[31]/primdend1/GABA
/SPnetwork/SPcell[32]/secdend4/GABA
/SPnetwork/SPcell[33]/primdend3/GABA
/SPnetwork/SPcell[34]/primdend1/GABA
/SPnetwork/SPcell[35]/soma/GABA
/SPnetwork/SPcell[36]/primdend1/GABA
/SPnetwork/SPcell[39]/primdend3/GABA
/SPnetwork/SPcell[40]/primdend3/GABA
/SPnetwork/SPcell[41]/soma/GABA
/SPnetwork/SPcell[42]/secdend7/GABA
/SPnetwork/SPcell[45]/soma/GABA
/SPnetwork/SPcell[46]/primdend3/GABA
/SPnetwork/SPcell[47]/soma/GABA
/SPnetwork/SPcell[48]/primdend1/GABA
/SPnetwork/SPcell[50]/primdend2/GABA
/SPnetwork/SPcell[51]/secdend6/GABA
/SPnetwork/SPcell[52]/secdend6/GABA
/SPnetwork/SPcell[53]/soma/GABA
/SPnetwork/SPcell[54]/primdend3/GABA
/SPnetwork/SPcell[55]/primdend2/GABA
/SPnetwork/SPcell[57]/soma/GABA
/SPnetwork/SPcell[58]/secdend3/GABA
/SPnetwork/SPcell[59]/secdend6/GABA
/SPnetwork/SPcell[61]/secdend1/GABA
/SPnetwork/SPcell[62]/primdend3/GABA
/SPnetwork/SPcell[63]/secdend6/GABA
/SPnetwork/SPcell[64]/primdend1/GABA
/SPnetwork/SPcell[65]/soma/GABA
/SPnetwork/SPcell[66]/primdend1/GABA
/SPnetwork/SPcell[67]/primdend1/GABA
/SPnetwork/SPcell[68]/primdend3/GABA
/SPnetwork/SPcell[69]/primdend2/GABA
/SPnetwork/SPcell[70]/soma/GABA
/SPnetwork/SPcell[71]/secdend6/GABA
/SPnetwork/SPcell[72]/primdend2/GABA
/SPnetwork/SPcell[74]/secdend4/GABA
/SPnetwork/SPcell[76]/primdend3/GABA
/SPnetwork/SPcell[78]/primdend2/GABA
/SPnetwork/SPcell[79]/soma/GABA
/SPnetwork/SPcell[81]/primdend2/GABA
/SPnetwork/SPcell[85]/secdend2/GABA
/SPnetwork/SPcell[86]/primdend1/GABA
/SPnetwork/SPcell[87]/primdend2/GABA
/SPnetwork/SPcell[89]/soma/GABA
/SPnetwork/SPcell[90]/secdend2/GABA
/SPnetwork/SPcell[91]/primdend1/GABA
/SPnetwork/SPcell[92]/secdend5/GABA
/SPnetwork/SPcell[93]/soma/GABA
/SPnetwork/SPcell[94]/secdend4/GABA
/SPnetwork/SPcell[95]/soma/GABA
/SPnetwork/SPcell[96]/secdend4/GABA
/SPnetwork/SPcell[97]/soma/GABA

Pre-synaptic location
/FSnetwork/FScell[13]
Post-synaptic SP connections
/FSnetwork/FScell/soma/GABA
/FSnetwork/FScell[1]/soma/GABA
/FSnetwork/FScell[2]/soma/GABA
/FSnetwork/FScell[3]/soma/GABA
/FSnetwork/FScell[4]/primdend2/GABA
/FSnetwork/FScell[7]/secdend4/sec_dend3/GABA
/FSnetwork/FScell[8]/primdend2/GABA
/FSnetwork/FScell[10]/primdend2/GABA
/FSnetwork/FScell[11]/secdend4/GABA
/FSnetwork/FScell[12]/secdend4/sec_dend2/GABA
/FSnetwork/FScell[14]/primdend2/GABA
/FSnetwork/FScell[15]/primdend2/GABA
/FSnetwork/FScell[17]/soma/GABA
/FSnetwork/FScell[18]/secdend1/sec_dend2/GABA
/FSnetwork/FScell[20]/primdend1/GABA
/FSnetwork/FScell[23]/soma/GABA
/FSnetwork/FScell[24]/primdend1/GABA
/SPnetwork/SPcell/primdend1/GABA
/SPnetwork/SPcell[2]/soma/GABA
/SPnetwork/SPcell[3]/primdend1/GABA
/SPnetwork/SPcell[5]/secdend6/GABA
/SPnetwork/SPcell[6]/primdend1/GABA
/SPnetwork/SPcell[7]/primdend1/GABA
/SPnetwork/SPcell[8]/soma/GABA
/SPnetwork/SPcell[9]/secdend2/GABA
/SPnetwork/SPcell[10]/secdend2/GABA
/SPnetwork/SPcell[11]/soma/GABA
/SPnetwork/SPcell[12]/primdend1/GABA
/SPnetwork/SPcell[16]/secdend5/GABA
/SPnetwork/SPcell[18]/primdend2/GABA
/SPnetwork/SPcell[19]/soma/GABA
/SPnetwork/SPcell[20]/primdend2/GABA
/SPnetwork/SPcell[21]/primdend2/GABA
/SPnetwork/SPcell[22]/soma/GABA
/SPnetwork/SPcell[24]/soma/GABA
/SPnetwork/SPcell[25]/secdend5/GABA
/SPnetwork/SPcell[26]/secdend1/GABA
/SPnetwork/SPcell[27]/primdend1/GABA
/SPnetwork/SPcell[28]/primdend3/GABA
/SPnetwork/SPcell[29]/soma/GABA
/SPnetwork/SPcell[31]/secdend4/GABA
/SPnetwork/SPcell[32]/secdend5/GABA
/SPnetwork/SPcell[33]/primdend1/GABA
/SPnetwork/SPcell[35]/soma/GABA
/SPnetwork/SPcell[36]/primdend1/GABA
/SPnetwork/SPcell[38]/secdend3/GABA
/SPnetwork/SPcell[39]/secdend3/GABA
/SPnetwork/SPcell[40]/soma/GABA
/SPnetwork/SPcell[42]/primdend3/GABA
/SPnetwork/SPcell[43]/soma/GABA
/SPnetwork/SPcell[44]/primdend3/GABA
/SPnetwork/SPcell[45]/secdend3/GABA
/SPnetwork/SPcell[46]/secdend4/GABA
/SPnetwork/SPcell[48]/primdend3/GABA
/SPnetwork/SPcell[49]/primdend3/GABA
/SPnetwork/SPcell[51]/primdend3/GABA
/SPnetwork/SPcell[52]/primdend3/GABA
/SPnetwork/SPcell[53]/primdend1/GABA
/SPnetwork/SPcell[54]/secdend4/GABA
/SPnetwork/SPcell[55]/secdend1/GABA
/SPnetwork/SPcell[56]/primdend3/GABA
/SPnetwork/SPcell[57]/soma/GABA
/SPnetwork/SPcell[58]/primdend1/GABA
/SPnetwork/SPcell[59]/secdend2/GABA
/SPnetwork/SPcell[60]/primdend2/GABA
/SPnetwork/SPcell[61]/secdend2/GABA
/SPnetwork/SPcell[62]/primdend1/GABA
/SPnetwork/SPcell[63]/secdend6/GABA
/SPnetwork/SPcell[64]/soma/GABA
/SPnetwork/SPcell[65]/soma/GABA
/SPnetwork/SPcell[68]/secdend4/GABA
/SPnetwork/SPcell[69]/soma/GABA
/SPnetwork/SPcell[70]/soma/GABA
/SPnetwork/SPcell[71]/soma/GABA
/SPnetwork/SPcell[72]/soma/GABA
/SPnetwork/SPcell[73]/soma/GABA
/SPnetwork/SPcell[74]/secdend1/GABA
/SPnetwork/SPcell[75]/soma/GABA
/SPnetwork/SPcell[76]/soma/GABA
/SPnetwork/SPcell[77]/soma/GABA
/SPnetwork/SPcell[79]/secdend5/GABA
/SPnetwork/SPcell[80]/secdend3/GABA
/SPnetwork/SPcell[81]/soma/GABA
/SPnetwork/SPcell[82]/secdend1/GABA
/SPnetwork/SPcell[83]/primdend2/GABA
/SPnetwork/SPcell[84]/secdend4/GABA
/SPnetwork/SPcell[85]/secdend2/GABA
/SPnetwork/SPcell[86]/secdend5/GABA
/SPnetwork/SPcell[87]/secdend1/GABA
/SPnetwork/SPcell[88]/secdend6/GABA
/SPnetwork/SPcell[90]/secdend3/GABA
/SPnetwork/SPcell[91]/primdend1/GABA
/SPnetwork/SPcell[92]/secdend7/GABA
/SPnetwork/SPcell[93]/secdend3/GABA
/SPnetwork/SPcell[94]/primdend2/GABA
/SPnetwork/SPcell[95]/secdend1/GABA
/SPnetwork/SPcell[96]/primdend3/GABA
/SPnetwork/SPcell[97]/soma/GABA
/SPnetwork/SPcell[98]/primdend3/GABA
/SPnetwork/SPcell[99]/soma/GABA

Pre-synaptic location
/FSnetwork/FScell[14]
Post-synaptic SP connections
/FSnetwork/FScell/secdend1/sec_dend2/GABA
/FSnetwork/FScell[2]/soma/GABA
/FSnetwork/FScell[3]/primdend2/GABA
/FSnetwork/FScell[4]/primdend1/GABA
/FSnetwork/FScell[5]/secdend5/GABA
/FSnetwork/FScell[7]/secdend2/sec_dend2/GABA
/FSnetwork/FScell[8]/soma/GABA
/FSnetwork/FScell[9]/soma/GABA
/FSnetwork/FScell[10]/primdend1/GABA
/FSnetwork/FScell[11]/secdend1/sec_dend2/GABA
/FSnetwork/FScell[13]/secdend4/GABA
/FSnetwork/FScell[15]/primdend1/GABA
/FSnetwork/FScell[17]/secdend2/sec_dend3/GABA
/FSnetwork/FScell[18]/primdend1/GABA
/FSnetwork/FScell[19]/secdend2/GABA
/FSnetwork/FScell[21]/secdend1/GABA
/FSnetwork/FScell[22]/secdend4/GABA
/FSnetwork/FScell[23]/soma/GABA
/FSnetwork/FScell[24]/primdend2/GABA
/SPnetwork/SPcell/primdend3/GABA
/SPnetwork/SPcell[1]/soma/GABA
/SPnetwork/SPcell[2]/secdend7/GABA
/SPnetwork/SPcell[3]/primdend1/GABA
/SPnetwork/SPcell[4]/secdend5/GABA
/SPnetwork/SPcell[5]/soma/GABA
/SPnetwork/SPcell[6]/secdend4/GABA
/SPnetwork/SPcell[9]/secdend2/GABA
/SPnetwork/SPcell[10]/primdend2/GABA
/SPnetwork/SPcell[11]/primdend3/GABA
/SPnetwork/SPcell[12]/soma/GABA
/SPnetwork/SPcell[13]/primdend2/GABA
/SPnetwork/SPcell[15]/secdend6/GABA
/SPnetwork/SPcell[16]/soma/GABA
/SPnetwork/SPcell[17]/secdend7/GABA
/SPnetwork/SPcell[18]/soma/GABA
/SPnetwork/SPcell[19]/soma/GABA
/SPnetwork/SPcell[20]/primdend3/GABA
/SPnetwork/SPcell[21]/soma/GABA
/SPnetwork/SPcell[22]/soma/GABA
/SPnetwork/SPcell[23]/soma/GABA
/SPnetwork/SPcell[24]/primdend3/GABA
/SPnetwork/SPcell[26]/soma/GABA
/SPnetwork/SPcell[27]/secdend5/GABA
/SPnetwork/SPcell[29]/soma/GABA
/SPnetwork/SPcell[30]/soma/GABA
/SPnetwork/SPcell[31]/primdend2/GABA
/SPnetwork/SPcell[32]/soma/GABA
/SPnetwork/SPcell[33]/secdend4/GABA
/SPnetwork/SPcell[35]/primdend1/GABA
/SPnetwork/SPcell[37]/primdend1/GABA
/SPnetwork/SPcell[40]/primdend2/GABA
/SPnetwork/SPcell[41]/soma/GABA
/SPnetwork/SPcell[44]/secdend7/GABA
/SPnetwork/SPcell[45]/primdend1/GABA
/SPnetwork/SPcell[46]/soma/GABA
/SPnetwork/SPcell[48]/primdend2/GABA
/SPnetwork/SPcell[49]/secdend6/GABA
/SPnetwork/SPcell[50]/secdend4/GABA
/SPnetwork/SPcell[51]/primdend3/GABA
/SPnetwork/SPcell[53]/secdend2/GABA
/SPnetwork/SPcell[54]/soma/GABA
/SPnetwork/SPcell[56]/soma/GABA
/SPnetwork/SPcell[57]/secdend4/GABA
/SPnetwork/SPcell[58]/primdend3/GABA
/SPnetwork/SPcell[59]/primdend2/GABA
/SPnetwork/SPcell[61]/soma/GABA
/SPnetwork/SPcell[62]/soma/GABA
/SPnetwork/SPcell[63]/primdend3/GABA
/SPnetwork/SPcell[64]/primdend3/GABA
/SPnetwork/SPcell[65]/secdend2/GABA
/SPnetwork/SPcell[67]/secdend2/GABA
/SPnetwork/SPcell[68]/secdend6/GABA
/SPnetwork/SPcell[70]/soma/GABA
/SPnetwork/SPcell[71]/secdend7/GABA
/SPnetwork/SPcell[73]/soma/GABA
/SPnetwork/SPcell[75]/soma/GABA
/SPnetwork/SPcell[76]/secdend5/GABA
/SPnetwork/SPcell[77]/secdend3/GABA
/SPnetwork/SPcell[78]/soma/GABA
/SPnetwork/SPcell[79]/secdend3/GABA
/SPnetwork/SPcell[80]/soma/GABA
/SPnetwork/SPcell[81]/soma/GABA
/SPnetwork/SPcell[82]/soma/GABA
/SPnetwork/SPcell[83]/primdend3/GABA
/SPnetwork/SPcell[84]/soma/GABA
/SPnetwork/SPcell[86]/soma/GABA
/SPnetwork/SPcell[88]/primdend3/GABA
/SPnetwork/SPcell[89]/soma/GABA
/SPnetwork/SPcell[91]/primdend1/GABA
/SPnetwork/SPcell[92]/secdend4/GABA
/SPnetwork/SPcell[94]/primdend1/GABA
/SPnetwork/SPcell[96]/primdend3/GABA
/SPnetwork/SPcell[99]/secdend3/GABA

Pre-synaptic location
/FSnetwork/FScell[15]
Post-synaptic SP connections
/FSnetwork/FScell[1]/secdend1/sec_dend3/GABA
/FSnetwork/FScell[5]/secdend3/sec_dend2/GABA
/FSnetwork/FScell[6]/secdend2/sec_dend3/GABA
/FSnetwork/FScell[7]/primdend2/GABA
/FSnetwork/FScell[8]/secdend1/sec_dend2/GABA
/FSnetwork/FScell[10]/primdend1/GABA
/FSnetwork/FScell[11]/primdend1/GABA
/FSnetwork/FScell[12]/primdend1/GABA
/FSnetwork/FScell[13]/primdend2/GABA
/FSnetwork/FScell[14]/secdend2/sec_dend2/GABA
/FSnetwork/FScell[16]/primdend1/GABA
/FSnetwork/FScell[17]/secdend3/GABA
/FSnetwork/FScell[20]/secdend1/sec_dend3/GABA
/FSnetwork/FScell[21]/secdend3/GABA
/FSnetwork/FScell[22]/primdend2/GABA
/SPnetwork/SPcell/soma/GABA
/SPnetwork/SPcell[2]/secdend6/GABA
/SPnetwork/SPcell[3]/soma/GABA
/SPnetwork/SPcell[4]/secdend7/GABA
/SPnetwork/SPcell[6]/soma/GABA
/SPnetwork/SPcell[8]/primdend3/GABA
/SPnetwork/SPcell[9]/soma/GABA
/SPnetwork/SPcell[10]/primdend3/GABA
/SPnetwork/SPcell[11]/soma/GABA
/SPnetwork/SPcell[13]/primdend3/GABA
/SPnetwork/SPcell[14]/primdend2/GABA
/SPnetwork/SPcell[16]/secdend3/GABA
/SPnetwork/SPcell[17]/primdend2/GABA
/SPnetwork/SPcell[18]/secdend6/GABA
/SPnetwork/SPcell[21]/soma/GABA
/SPnetwork/SPcell[22]/soma/GABA
/SPnetwork/SPcell[23]/primdend1/GABA
/SPnetwork/SPcell[24]/soma/GABA
/SPnetwork/SPcell[26]/secdend3/GABA
/SPnetwork/SPcell[28]/soma/GABA
/SPnetwork/SPcell[30]/soma/GABA
/SPnetwork/SPcell[32]/soma/GABA
/SPnetwork/SPcell[33]/secdend3/GABA
/SPnetwork/SPcell[34]/primdend1/GABA
/SPnetwork/SPcell[35]/primdend2/GABA
/SPnetwork/SPcell[36]/secdend3/GABA
/SPnetwork/SPcell[37]/secdend1/GABA
/SPnetwork/SPcell[38]/primdend2/GABA
/SPnetwork/SPcell[40]/soma/GABA
/SPnetwork/SPcell[41]/secdend5/GABA
/SPnetwork/SPcell[44]/primdend3/GABA
/SPnetwork/SPcell[45]/secdend3/GABA
/SPnetwork/SPcell[46]/soma/GABA
/SPnetwork/SPcell[47]/primdend3/GABA
/SPnetwork/SPcell[49]/soma/GABA
/SPnetwork/SPcell[50]/secdend4/GABA
/SPnetwork/SPcell[51]/secdend4/GABA
/SPnetwork/SPcell[52]/soma/GABA
/SPnetwork/SPcell[53]/soma/GABA
/SPnetwork/SPcell[55]/primdend3/GABA
/SPnetwork/SPcell[56]/soma/GABA
/SPnetwork/SPcell[57]/primdend2/GABA
/SPnetwork/SPcell[58]/secdend1/GABA
/SPnetwork/SPcell[59]/soma/GABA
/SPnetwork/SPcell[60]/secdend2/GABA
/SPnetwork/SPcell[61]/primdend1/GABA
/SPnetwork/SPcell[62]/primdend1/GABA
/SPnetwork/SPcell[63]/soma/GABA
/SPnetwork/SPcell[65]/primdend2/GABA
/SPnetwork/SPcell[67]/secdend2/GABA
/SPnetwork/SPcell[73]/primdend2/GABA
/SPnetwork/SPcell[74]/soma/GABA
/SPnetwork/SPcell[76]/secdend3/GABA
/SPnetwork/SPcell[77]/primdend1/GABA
/SPnetwork/SPcell[78]/primdend1/GABA
/SPnetwork/SPcell[79]/primdend1/GABA
/SPnetwork/SPcell[80]/secdend6/GABA
/SPnetwork/SPcell[81]/secdend1/GABA
/SPnetwork/SPcell[82]/primdend3/GABA
/SPnetwork/SPcell[83]/soma/GABA
/SPnetwork/SPcell[86]/secdend6/GABA
/SPnetwork/SPcell[88]/soma/GABA
/SPnetwork/SPcell[89]/soma/GABA
/SPnetwork/SPcell[90]/secdend2/GABA
/SPnetwork/SPcell[91]/soma/GABA
/SPnetwork/SPcell[92]/soma/GABA
/SPnetwork/SPcell[94]/primdend1/GABA
/SPnetwork/SPcell[95]/soma/GABA
/SPnetwork/SPcell[96]/primdend2/GABA
/SPnetwork/SPcell[97]/soma/GABA
/SPnetwork/SPcell[98]/soma/GABA

Pre-synaptic location
/FSnetwork/FScell[16]
Post-synaptic SP connections
/FSnetwork/FScell/primdend2/GABA
/FSnetwork/FScell[1]/secdend5/sec_dend3/GABA
/FSnetwork/FScell[3]/secdend1/sec_dend2/GABA
/FSnetwork/FScell[4]/soma/GABA
/FSnetwork/FScell[5]/secdend4/sec_dend3/GABA
/FSnetwork/FScell[6]/secdend2/GABA
/FSnetwork/FScell[7]/secdend5/GABA
/FSnetwork/FScell[10]/secdend5/GABA
/FSnetwork/FScell[11]/primdend1/GABA
/FSnetwork/FScell[12]/primdend1/GABA
/FSnetwork/FScell[14]/secdend3/GABA
/FSnetwork/FScell[15]/secdend4/sec_dend3/GABA
/FSnetwork/FScell[17]/secdend2/sec_dend3/GABA
/FSnetwork/FScell[18]/secdend3/sec_dend3/GABA
/FSnetwork/FScell[19]/primdend1/GABA
/FSnetwork/FScell[20]/primdend1/GABA
/FSnetwork/FScell[21]/primdend1/GABA
/FSnetwork/FScell[22]/primdend2/GABA
/FSnetwork/FScell[23]/secdend4/sec_dend2/GABA
/SPnetwork/SPcell/secdend2/GABA
/SPnetwork/SPcell[1]/soma/GABA
/SPnetwork/SPcell[2]/soma/GABA
/SPnetwork/SPcell[3]/soma/GABA
/SPnetwork/SPcell[4]/secdend5/GABA
/SPnetwork/SPcell[5]/soma/GABA
/SPnetwork/SPcell[6]/secdend7/GABA
/SPnetwork/SPcell[7]/primdend2/GABA
/SPnetwork/SPcell[8]/primdend3/GABA
/SPnetwork/SPcell[9]/soma/GABA
/SPnetwork/SPcell[10]/primdend3/GABA
/SPnetwork/SPcell[11]/soma/GABA
/SPnetwork/SPcell[13]/primdend3/GABA
/SPnetwork/SPcell[14]/primdend3/GABA
/SPnetwork/SPcell[15]/secdend3/GABA
/SPnetwork/SPcell[17]/secdend6/GABA
/SPnetwork/SPcell[18]/secdend4/GABA
/SPnetwork/SPcell[19]/soma/GABA
/SPnetwork/SPcell[20]/primdend2/GABA
/SPnetwork/SPcell[21]/soma/GABA
/SPnetwork/SPcell[22]/secdend5/GABA
/SPnetwork/SPcell[23]/primdend1/GABA
/SPnetwork/SPcell[24]/primdend1/GABA
/SPnetwork/SPcell[25]/secdend1/GABA
/SPnetwork/SPcell[26]/soma/GABA
/SPnetwork/SPcell[27]/primdend1/GABA
/SPnetwork/SPcell[28]/secdend2/GABA
/SPnetwork/SPcell[29]/soma/GABA
/SPnetwork/SPcell[30]/primdend3/GABA
/SPnetwork/SPcell[32]/secdend5/GABA
/SPnetwork/SPcell[33]/primdend1/GABA
/SPnetwork/SPcell[34]/primdend1/GABA
/SPnetwork/SPcell[35]/soma/GABA
/SPnetwork/SPcell[38]/primdend1/GABA
/SPnetwork/SPcell[40]/primdend1/GABA
/SPnetwork/SPcell[41]/secdend2/GABA
/SPnetwork/SPcell[42]/soma/GABA
/SPnetwork/SPcell[43]/primdend1/GABA
/SPnetwork/SPcell[44]/soma/GABA
/SPnetwork/SPcell[45]/primdend1/GABA
/SPnetwork/SPcell[46]/secdend4/GABA
/SPnetwork/SPcell[47]/primdend3/GABA
/SPnetwork/SPcell[48]/secdend3/GABA
/SPnetwork/SPcell[49]/secdend3/GABA
/SPnetwork/SPcell[50]/soma/GABA
/SPnetwork/SPcell[51]/secdend4/GABA
/SPnetwork/SPcell[53]/primdend2/GABA
/SPnetwork/SPcell[54]/primdend3/GABA
/SPnetwork/SPcell[55]/soma/GABA
/SPnetwork/SPcell[56]/primdend3/GABA
/SPnetwork/SPcell[57]/primdend2/GABA
/SPnetwork/SPcell[58]/soma/GABA
/SPnetwork/SPcell[59]/soma/GABA
/SPnetwork/SPcell[61]/soma/GABA
/SPnetwork/SPcell[63]/secdend2/GABA
/SPnetwork/SPcell[65]/primdend3/GABA
/SPnetwork/SPcell[66]/secdend7/GABA
/SPnetwork/SPcell[67]/primdend1/GABA
/SPnetwork/SPcell[68]/secdend7/GABA
/SPnetwork/SPcell[69]/soma/GABA
/SPnetwork/SPcell[70]/secdend4/GABA
/SPnetwork/SPcell[71]/primdend3/GABA
/SPnetwork/SPcell[72]/primdend3/GABA
/SPnetwork/SPcell[73]/soma/GABA
/SPnetwork/SPcell[74]/secdend3/GABA
/SPnetwork/SPcell[75]/secdend2/GABA
/SPnetwork/SPcell[77]/soma/GABA
/SPnetwork/SPcell[78]/secdend7/GABA
/SPnetwork/SPcell[79]/soma/GABA
/SPnetwork/SPcell[82]/primdend3/GABA
/SPnetwork/SPcell[83]/soma/GABA
/SPnetwork/SPcell[84]/soma/GABA
/SPnetwork/SPcell[85]/soma/GABA
/SPnetwork/SPcell[87]/primdend1/GABA
/SPnetwork/SPcell[88]/soma/GABA
/SPnetwork/SPcell[90]/secdend2/GABA
/SPnetwork/SPcell[91]/soma/GABA
/SPnetwork/SPcell[95]/primdend3/GABA
/SPnetwork/SPcell[96]/secdend3/GABA
/SPnetwork/SPcell[97]/primdend1/GABA
/SPnetwork/SPcell[98]/secdend4/GABA
/SPnetwork/SPcell[99]/soma/GABA

Pre-synaptic location
/FSnetwork/FScell[17]
Post-synaptic SP connections
/FSnetwork/FScell/secdend3/sec_dend3/GABA
/FSnetwork/FScell[3]/secdend1/GABA
/FSnetwork/FScell[4]/secdend3/sec_dend2/GABA
/FSnetwork/FScell[6]/primdend2/GABA
/FSnetwork/FScell[7]/secdend3/GABA
/FSnetwork/FScell[8]/secdend1/sec_dend2/GABA
/FSnetwork/FScell[9]/secdend4/sec_dend2/GABA
/FSnetwork/FScell[10]/primdend1/GABA
/FSnetwork/FScell[11]/primdend2/GABA
/FSnetwork/FScell[12]/primdend2/GABA
/FSnetwork/FScell[14]/primdend2/GABA
/FSnetwork/FScell[16]/secdend3/GABA
/FSnetwork/FScell[19]/primdend2/GABA
/FSnetwork/FScell[20]/primdend2/GABA
/FSnetwork/FScell[21]/soma/GABA
/FSnetwork/FScell[22]/soma/GABA
/FSnetwork/FScell[23]/soma/GABA
/SPnetwork/SPcell/primdend2/GABA
/SPnetwork/SPcell[1]/primdend2/GABA
/SPnetwork/SPcell[2]/primdend2/GABA
/SPnetwork/SPcell[3]/primdend2/GABA
/SPnetwork/SPcell[5]/soma/GABA
/SPnetwork/SPcell[6]/soma/GABA
/SPnetwork/SPcell[7]/secdend3/GABA
/SPnetwork/SPcell[8]/primdend2/GABA
/SPnetwork/SPcell[10]/primdend1/GABA
/SPnetwork/SPcell[11]/primdend2/GABA
/SPnetwork/SPcell[12]/secdend7/GABA
/SPnetwork/SPcell[13]/soma/GABA
/SPnetwork/SPcell[14]/primdend1/GABA
/SPnetwork/SPcell[16]/soma/GABA
/SPnetwork/SPcell[18]/secdend2/GABA
/SPnetwork/SPcell[19]/soma/GABA
/SPnetwork/SPcell[20]/primdend3/GABA
/SPnetwork/SPcell[21]/soma/GABA
/SPnetwork/SPcell[22]/soma/GABA
/SPnetwork/SPcell[23]/secdend7/GABA
/SPnetwork/SPcell[24]/primdend3/GABA
/SPnetwork/SPcell[25]/secdend2/GABA
/SPnetwork/SPcell[27]/soma/GABA
/SPnetwork/SPcell[28]/primdend3/GABA
/SPnetwork/SPcell[30]/secdend2/GABA
/SPnetwork/SPcell[32]/secdend6/GABA
/SPnetwork/SPcell[33]/primdend3/GABA
/SPnetwork/SPcell[34]/secdend5/GABA
/SPnetwork/SPcell[35]/soma/GABA
/SPnetwork/SPcell[36]/soma/GABA
/SPnetwork/SPcell[39]/secdend5/GABA
/SPnetwork/SPcell[40]/secdend7/GABA
/SPnetwork/SPcell[41]/primdend2/GABA
/SPnetwork/SPcell[42]/soma/GABA
/SPnetwork/SPcell[44]/primdend3/GABA
/SPnetwork/SPcell[46]/soma/GABA
/SPnetwork/SPcell[47]/primdend3/GABA
/SPnetwork/SPcell[48]/primdend3/GABA
/SPnetwork/SPcell[49]/soma/GABA
/SPnetwork/SPcell[50]/primdend2/GABA
/SPnetwork/SPcell[53]/soma/GABA
/SPnetwork/SPcell[54]/secdend2/GABA
/SPnetwork/SPcell[56]/primdend1/GABA
/SPnetwork/SPcell[57]/primdend3/GABA
/SPnetwork/SPcell[59]/secdend4/GABA
/SPnetwork/SPcell[61]/soma/GABA
/SPnetwork/SPcell[62]/soma/GABA
/SPnetwork/SPcell[63]/secdend5/GABA
/SPnetwork/SPcell[65]/primdend2/GABA
/SPnetwork/SPcell[66]/soma/GABA
/SPnetwork/SPcell[67]/soma/GABA
/SPnetwork/SPcell[69]/secdend5/GABA
/SPnetwork/SPcell[70]/soma/GABA
/SPnetwork/SPcell[71]/soma/GABA
/SPnetwork/SPcell[73]/secdend3/GABA
/SPnetwork/SPcell[75]/secdend4/GABA
/SPnetwork/SPcell[78]/primdend3/GABA
/SPnetwork/SPcell[80]/soma/GABA
/SPnetwork/SPcell[81]/primdend1/GABA
/SPnetwork/SPcell[83]/primdend2/GABA
/SPnetwork/SPcell[87]/secdend3/GABA
/SPnetwork/SPcell[89]/soma/GABA
/SPnetwork/SPcell[90]/soma/GABA
/SPnetwork/SPcell[91]/soma/GABA
/SPnetwork/SPcell[92]/primdend2/GABA
/SPnetwork/SPcell[93]/primdend3/GABA
/SPnetwork/SPcell[95]/soma/GABA
/SPnetwork/SPcell[96]/secdend4/GABA
/SPnetwork/SPcell[98]/primdend2/GABA
/SPnetwork/SPcell[99]/primdend1/GABA

Pre-synaptic location
/FSnetwork/FScell[18]
Post-synaptic SP connections
/FSnetwork/FScell[1]/primdend1/GABA
/FSnetwork/FScell[2]/primdend2/GABA
/FSnetwork/FScell[3]/soma/GABA
/FSnetwork/FScell[4]/secdend3/GABA
/FSnetwork/FScell[6]/secdend5/sec_dend2/GABA
/FSnetwork/FScell[7]/secdend5/GABA
/FSnetwork/FScell[8]/primdend1/GABA
/FSnetwork/FScell[9]/secdend3/sec_dend2/GABA
/FSnetwork/FScell[10]/secdend3/GABA
/FSnetwork/FScell[11]/secdend2/sec_dend3/GABA
/FSnetwork/FScell[13]/secdend4/sec_dend3/GABA
/FSnetwork/FScell[14]/primdend1/GABA
/FSnetwork/FScell[16]/primdend2/GABA
/FSnetwork/FScell[17]/primdend2/GABA
/FSnetwork/FScell[19]/secdend5/GABA
/FSnetwork/FScell[22]/secdend3/sec_dend2/GABA
/FSnetwork/FScell[23]/primdend2/GABA
/FSnetwork/FScell[24]/primdend1/GABA
/SPnetwork/SPcell/secdend6/GABA
/SPnetwork/SPcell[1]/primdend3/GABA
/SPnetwork/SPcell[2]/secdend5/GABA
/SPnetwork/SPcell[5]/secdend3/GABA
/SPnetwork/SPcell[8]/soma/GABA
/SPnetwork/SPcell[10]/secdend6/GABA
/SPnetwork/SPcell[12]/secdend5/GABA
/SPnetwork/SPcell[14]/soma/GABA
/SPnetwork/SPcell[15]/primdend3/GABA
/SPnetwork/SPcell[19]/primdend2/GABA
/SPnetwork/SPcell[20]/secdend3/GABA
/SPnetwork/SPcell[21]/soma/GABA
/SPnetwork/SPcell[22]/primdend2/GABA
/SPnetwork/SPcell[23]/secdend2/GABA
/SPnetwork/SPcell[25]/soma/GABA
/SPnetwork/SPcell[26]/primdend3/GABA
/SPnetwork/SPcell[27]/soma/GABA
/SPnetwork/SPcell[29]/soma/GABA
/SPnetwork/SPcell[30]/primdend2/GABA
/SPnetwork/SPcell[31]/primdend2/GABA
/SPnetwork/SPcell[32]/soma/GABA
/SPnetwork/SPcell[33]/primdend2/GABA
/SPnetwork/SPcell[34]/soma/GABA
/SPnetwork/SPcell[35]/primdend1/GABA
/SPnetwork/SPcell[36]/soma/GABA
/SPnetwork/SPcell[37]/soma/GABA
/SPnetwork/SPcell[38]/secdend2/GABA
/SPnetwork/SPcell[41]/soma/GABA
/SPnetwork/SPcell[43]/primdend1/GABA
/SPnetwork/SPcell[44]/soma/GABA
/SPnetwork/SPcell[45]/soma/GABA
/SPnetwork/SPcell[46]/secdend4/GABA
/SPnetwork/SPcell[50]/primdend2/GABA
/SPnetwork/SPcell[51]/secdend3/GABA
/SPnetwork/SPcell[52]/secdend5/GABA
/SPnetwork/SPcell[53]/primdend3/GABA
/SPnetwork/SPcell[56]/soma/GABA
/SPnetwork/SPcell[58]/primdend2/GABA
/SPnetwork/SPcell[59]/primdend1/GABA
/SPnetwork/SPcell[60]/soma/GABA
/SPnetwork/SPcell[62]/soma/GABA
/SPnetwork/SPcell[63]/soma/GABA
/SPnetwork/SPcell[64]/soma/GABA
/SPnetwork/SPcell[65]/primdend3/GABA
/SPnetwork/SPcell[66]/secdend2/GABA
/SPnetwork/SPcell[67]/secdend5/GABA
/SPnetwork/SPcell[69]/primdend3/GABA
/SPnetwork/SPcell[70]/primdend3/GABA
/SPnetwork/SPcell[71]/primdend3/GABA
/SPnetwork/SPcell[73]/secdend2/GABA
/SPnetwork/SPcell[74]/soma/GABA
/SPnetwork/SPcell[75]/secdend1/GABA
/SPnetwork/SPcell[76]/primdend1/GABA
/SPnetwork/SPcell[77]/soma/GABA
/SPnetwork/SPcell[78]/soma/GABA
/SPnetwork/SPcell[79]/secdend6/GABA
/SPnetwork/SPcell[81]/soma/GABA
/SPnetwork/SPcell[82]/soma/GABA
/SPnetwork/SPcell[83]/soma/GABA
/SPnetwork/SPcell[84]/soma/GABA
/SPnetwork/SPcell[85]/soma/GABA
/SPnetwork/SPcell[86]/primdend1/GABA
/SPnetwork/SPcell[87]/secdend3/GABA
/SPnetwork/SPcell[88]/secdend3/GABA
/SPnetwork/SPcell[89]/soma/GABA
/SPnetwork/SPcell[90]/primdend2/GABA
/SPnetwork/SPcell[91]/soma/GABA
/SPnetwork/SPcell[92]/primdend1/GABA
/SPnetwork/SPcell[93]/soma/GABA
/SPnetwork/SPcell[98]/soma/GABA
/SPnetwork/SPcell[99]/soma/GABA

Pre-synaptic location
/FSnetwork/FScell[19]
Post-synaptic SP connections
/FSnetwork/FScell[2]/secdend2/GABA
/FSnetwork/FScell[8]/primdend1/GABA
/FSnetwork/FScell[11]/secdend1/GABA
/FSnetwork/FScell[13]/secdend1/GABA
/FSnetwork/FScell[14]/secdend2/GABA
/FSnetwork/FScell[17]/primdend2/GABA
/FSnetwork/FScell[18]/primdend2/GABA
/FSnetwork/FScell[22]/primdend1/GABA
/FSnetwork/FScell[23]/secdend3/sec_dend2/GABA
/FSnetwork/FScell[24]/soma/GABA
/SPnetwork/SPcell[1]/secdend7/GABA
/SPnetwork/SPcell[2]/soma/GABA
/SPnetwork/SPcell[3]/soma/GABA
/SPnetwork/SPcell[4]/primdend2/GABA
/SPnetwork/SPcell[5]/secdend6/GABA
/SPnetwork/SPcell[6]/primdend1/GABA
/SPnetwork/SPcell[7]/soma/GABA
/SPnetwork/SPcell[8]/soma/GABA
/SPnetwork/SPcell[9]/secdend1/GABA
/SPnetwork/SPcell[10]/soma/GABA
/SPnetwork/SPcell[11]/primdend2/GABA
/SPnetwork/SPcell[13]/secdend2/GABA
/SPnetwork/SPcell[14]/secdend2/GABA
/SPnetwork/SPcell[15]/secdend7/GABA
/SPnetwork/SPcell[17]/secdend6/GABA
/SPnetwork/SPcell[18]/primdend3/GABA
/SPnetwork/SPcell[21]/primdend3/GABA
/SPnetwork/SPcell[22]/secdend5/GABA
/SPnetwork/SPcell[25]/secdend1/GABA
/SPnetwork/SPcell[26]/soma/GABA
/SPnetwork/SPcell[27]/soma/GABA
/SPnetwork/SPcell[28]/soma/GABA
/SPnetwork/SPcell[29]/soma/GABA
/SPnetwork/SPcell[30]/soma/GABA
/SPnetwork/SPcell[31]/primdend3/GABA
/SPnetwork/SPcell[33]/primdend2/GABA
/SPnetwork/SPcell[34]/soma/GABA
/SPnetwork/SPcell[35]/secdend5/GABA
/SPnetwork/SPcell[37]/secdend6/GABA
/SPnetwork/SPcell[38]/secdend3/GABA
/SPnetwork/SPcell[39]/soma/GABA
/SPnetwork/SPcell[42]/soma/GABA
/SPnetwork/SPcell[43]/primdend2/GABA
/SPnetwork/SPcell[44]/soma/GABA
/SPnetwork/SPcell[45]/soma/GABA
/SPnetwork/SPcell[47]/primdend1/GABA
/SPnetwork/SPcell[48]/primdend2/GABA
/SPnetwork/SPcell[50]/secdend1/GABA
/SPnetwork/SPcell[51]/secdend5/GABA
/SPnetwork/SPcell[53]/soma/GABA
/SPnetwork/SPcell[55]/secdend2/GABA
/SPnetwork/SPcell[56]/primdend2/GABA
/SPnetwork/SPcell[57]/secdend4/GABA
/SPnetwork/SPcell[59]/soma/GABA
/SPnetwork/SPcell[60]/secdend5/GABA
/SPnetwork/SPcell[63]/primdend2/GABA
/SPnetwork/SPcell[64]/secdend4/GABA
/SPnetwork/SPcell[65]/secdend7/GABA
/SPnetwork/SPcell[66]/soma/GABA
/SPnetwork/SPcell[69]/primdend1/GABA
/SPnetwork/SPcell[71]/primdend3/GABA
/SPnetwork/SPcell[72]/soma/GABA
/SPnetwork/SPcell[73]/primdend1/GABA
/SPnetwork/SPcell[75]/secdend4/GABA
/SPnetwork/SPcell[76]/primdend2/GABA
/SPnetwork/SPcell[77]/primdend1/GABA
/SPnetwork/SPcell[79]/primdend2/GABA
/SPnetwork/SPcell[80]/primdend3/GABA
/SPnetwork/SPcell[81]/secdend2/GABA
/SPnetwork/SPcell[82]/secdend7/GABA
/SPnetwork/SPcell[83]/primdend3/GABA
/SPnetwork/SPcell[84]/secdend6/GABA
/SPnetwork/SPcell[86]/primdend1/GABA
/SPnetwork/SPcell[87]/primdend2/GABA
/SPnetwork/SPcell[88]/primdend2/GABA
/SPnetwork/SPcell[89]/soma/GABA
/SPnetwork/SPcell[91]/secdend3/GABA
/SPnetwork/SPcell[92]/secdend5/GABA
/SPnetwork/SPcell[93]/soma/GABA
/SPnetwork/SPcell[94]/secdend4/GABA
/SPnetwork/SPcell[95]/soma/GABA
/SPnetwork/SPcell[98]/primdend3/GABA

Pre-synaptic location
/FSnetwork/FScell[20]
Post-synaptic SP connections
/FSnetwork/FScell/primdend2/GABA
/FSnetwork/FScell[5]/secdend5/sec_dend3/GABA
/FSnetwork/FScell[7]/secdend1/sec_dend3/GABA
/FSnetwork/FScell[10]/secdend3/GABA
/FSnetwork/FScell[15]/secdend4/GABA
/FSnetwork/FScell[16]/secdend1/sec_dend3/GABA
/FSnetwork/FScell[17]/secdend3/GABA
/FSnetwork/FScell[21]/primdend2/GABA
/FSnetwork/FScell[22]/secdend3/GABA
/FSnetwork/FScell[23]/secdend1/sec_dend3/GABA
/FSnetwork/FScell[24]/primdend2/GABA
/SPnetwork/SPcell/soma/GABA
/SPnetwork/SPcell[1]/primdend2/GABA
/SPnetwork/SPcell[2]/secdend7/GABA
/SPnetwork/SPcell[4]/soma/GABA
/SPnetwork/SPcell[5]/primdend1/GABA
/SPnetwork/SPcell[6]/soma/GABA
/SPnetwork/SPcell[7]/soma/GABA
/SPnetwork/SPcell[8]/primdend3/GABA
/SPnetwork/SPcell[9]/primdend2/GABA
/SPnetwork/SPcell[10]/soma/GABA
/SPnetwork/SPcell[11]/soma/GABA
/SPnetwork/SPcell[13]/primdend2/GABA
/SPnetwork/SPcell[14]/primdend1/GABA
/SPnetwork/SPcell[15]/primdend3/GABA
/SPnetwork/SPcell[17]/secdend5/GABA
/SPnetwork/SPcell[18]/primdend2/GABA
/SPnetwork/SPcell[19]/primdend3/GABA
/SPnetwork/SPcell[23]/primdend1/GABA
/SPnetwork/SPcell[24]/soma/GABA
/SPnetwork/SPcell[25]/soma/GABA
/SPnetwork/SPcell[26]/primdend3/GABA
/SPnetwork/SPcell[27]/secdend6/GABA
/SPnetwork/SPcell[28]/primdend2/GABA
/SPnetwork/SPcell[29]/secdend4/GABA
/SPnetwork/SPcell[31]/soma/GABA
/SPnetwork/SPcell[32]/secdend2/GABA
/SPnetwork/SPcell[33]/soma/GABA
/SPnetwork/SPcell[35]/secdend6/GABA
/SPnetwork/SPcell[36]/soma/GABA
/SPnetwork/SPcell[38]/primdend3/GABA
/SPnetwork/SPcell[39]/secdend6/GABA
/SPnetwork/SPcell[40]/secdend2/GABA
/SPnetwork/SPcell[41]/secdend1/GABA
/SPnetwork/SPcell[42]/soma/GABA
/SPnetwork/SPcell[43]/primdend3/GABA
/SPnetwork/SPcell[44]/secdend6/GABA
/SPnetwork/SPcell[45]/secdend7/GABA
/SPnetwork/SPcell[46]/secdend2/GABA
/SPnetwork/SPcell[47]/primdend2/GABA
/SPnetwork/SPcell[48]/secdend2/GABA
/SPnetwork/SPcell[49]/primdend3/GABA
/SPnetwork/SPcell[50]/secdend4/GABA
/SPnetwork/SPcell[51]/soma/GABA
/SPnetwork/SPcell[52]/secdend5/GABA
/SPnetwork/SPcell[54]/soma/GABA
/SPnetwork/SPcell[56]/soma/GABA
/SPnetwork/SPcell[57]/soma/GABA
/SPnetwork/SPcell[59]/secdend6/GABA
/SPnetwork/SPcell[60]/secdend7/GABA
/SPnetwork/SPcell[62]/primdend2/GABA
/SPnetwork/SPcell[64]/soma/GABA
/SPnetwork/SPcell[65]/secdend2/GABA
/SPnetwork/SPcell[66]/primdend3/GABA
/SPnetwork/SPcell[67]/secdend1/GABA
/SPnetwork/SPcell[68]/secdend1/GABA
/SPnetwork/SPcell[69]/soma/GABA
/SPnetwork/SPcell[70]/secdend2/GABA
/SPnetwork/SPcell[71]/soma/GABA
/SPnetwork/SPcell[73]/secdend7/GABA
/SPnetwork/SPcell[74]/secdend1/GABA
/SPnetwork/SPcell[75]/primdend1/GABA
/SPnetwork/SPcell[76]/soma/GABA
/SPnetwork/SPcell[77]/secdend7/GABA
/SPnetwork/SPcell[78]/secdend3/GABA
/SPnetwork/SPcell[79]/soma/GABA
/SPnetwork/SPcell[81]/primdend2/GABA
/SPnetwork/SPcell[82]/secdend7/GABA
/SPnetwork/SPcell[85]/secdend6/GABA
/SPnetwork/SPcell[86]/secdend2/GABA
/SPnetwork/SPcell[87]/secdend5/GABA
/SPnetwork/SPcell[88]/primdend3/GABA
/SPnetwork/SPcell[89]/primdend3/GABA
/SPnetwork/SPcell[90]/primdend1/GABA
/SPnetwork/SPcell[91]/secdend7/GABA
/SPnetwork/SPcell[92]/soma/GABA
/SPnetwork/SPcell[93]/soma/GABA
/SPnetwork/SPcell[95]/soma/GABA
/SPnetwork/SPcell[96]/secdend1/GABA
/SPnetwork/SPcell[98]/primdend2/GABA

Pre-synaptic location
/FSnetwork/FScell[21]
Post-synaptic SP connections
/FSnetwork/FScell[3]/secdend3/sec_dend2/GABA
/FSnetwork/FScell[5]/secdend3/sec_dend3/GABA
/FSnetwork/FScell[6]/secdend1/GABA
/FSnetwork/FScell[7]/secdend2/GABA
/FSnetwork/FScell[10]/secdend4/GABA
/FSnetwork/FScell[11]/secdend4/GABA
/FSnetwork/FScell[12]/soma/GABA
/FSnetwork/FScell[13]/secdend4/sec_dend2/GABA
/FSnetwork/FScell[15]/primdend2/GABA
/FSnetwork/FScell[16]/secdend1/GABA
/FSnetwork/FScell[17]/secdend4/sec_dend3/GABA
/FSnetwork/FScell[18]/secdend2/sec_dend2/GABA
/FSnetwork/FScell[19]/soma/GABA
/FSnetwork/FScell[20]/primdend2/GABA
/FSnetwork/FScell[22]/secdend5/GABA
/FSnetwork/FScell[23]/primdend2/GABA
/SPnetwork/SPcell/primdend2/GABA
/SPnetwork/SPcell[1]/primdend3/GABA
/SPnetwork/SPcell[2]/secdend5/GABA
/SPnetwork/SPcell[4]/soma/GABA
/SPnetwork/SPcell[6]/primdend2/GABA
/SPnetwork/SPcell[7]/primdend1/GABA
/SPnetwork/SPcell[9]/secdend2/GABA
/SPnetwork/SPcell[11]/primdend1/GABA
/SPnetwork/SPcell[13]/soma/GABA
/SPnetwork/SPcell[14]/secdend5/GABA
/SPnetwork/SPcell[15]/soma/GABA
/SPnetwork/SPcell[16]/secdend6/GABA
/SPnetwork/SPcell[17]/secdend4/GABA
/SPnetwork/SPcell[18]/soma/GABA
/SPnetwork/SPcell[20]/secdend1/GABA
/SPnetwork/SPcell[23]/primdend3/GABA
/SPnetwork/SPcell[24]/secdend6/GABA
/SPnetwork/SPcell[26]/primdend2/GABA
/SPnetwork/SPcell[28]/soma/GABA
/SPnetwork/SPcell[29]/primdend3/GABA
/SPnetwork/SPcell[30]/soma/GABA
/SPnetwork/SPcell[31]/secdend3/GABA
/SPnetwork/SPcell[32]/soma/GABA
/SPnetwork/SPcell[33]/secdend4/GABA
/SPnetwork/SPcell[34]/primdend2/GABA
/SPnetwork/SPcell[35]/secdend4/GABA
/SPnetwork/SPcell[36]/secdend7/GABA
/SPnetwork/SPcell[37]/secdend6/GABA
/SPnetwork/SPcell[39]/secdend5/GABA
/SPnetwork/SPcell[41]/primdend2/GABA
/SPnetwork/SPcell[43]/secdend5/GABA
/SPnetwork/SPcell[44]/secdend2/GABA
/SPnetwork/SPcell[45]/soma/GABA
/SPnetwork/SPcell[46]/secdend2/GABA
/SPnetwork/SPcell[47]/primdend1/GABA
/SPnetwork/SPcell[50]/primdend2/GABA
/SPnetwork/SPcell[51]/secdend3/GABA
/SPnetwork/SPcell[52]/secdend4/GABA
/SPnetwork/SPcell[53]/primdend2/GABA
/SPnetwork/SPcell[56]/soma/GABA
/SPnetwork/SPcell[57]/soma/GABA
/SPnetwork/SPcell[58]/soma/GABA
/SPnetwork/SPcell[60]/primdend1/GABA
/SPnetwork/SPcell[62]/primdend1/GABA
/SPnetwork/SPcell[63]/soma/GABA
/SPnetwork/SPcell[64]/secdend2/GABA
/SPnetwork/SPcell[65]/soma/GABA
/SPnetwork/SPcell[67]/soma/GABA
/SPnetwork/SPcell[68]/soma/GABA
/SPnetwork/SPcell[69]/secdend2/GABA
/SPnetwork/SPcell[70]/primdend1/GABA
/SPnetwork/SPcell[72]/soma/GABA
/SPnetwork/SPcell[73]/secdend6/GABA
/SPnetwork/SPcell[74]/secdend5/GABA
/SPnetwork/SPcell[75]/soma/GABA
/SPnetwork/SPcell[78]/secdend6/GABA
/SPnetwork/SPcell[79]/soma/GABA
/SPnetwork/SPcell[80]/primdend1/GABA
/SPnetwork/SPcell[82]/soma/GABA
/SPnetwork/SPcell[84]/secdend3/GABA
/SPnetwork/SPcell[87]/primdend3/GABA
/SPnetwork/SPcell[88]/secdend6/GABA
/SPnetwork/SPcell[89]/soma/GABA
/SPnetwork/SPcell[91]/soma/GABA
/SPnetwork/SPcell[92]/secdend2/GABA
/SPnetwork/SPcell[94]/primdend2/GABA
/SPnetwork/SPcell[95]/secdend6/GABA
/SPnetwork/SPcell[96]/soma/GABA
/SPnetwork/SPcell[97]/soma/GABA

Pre-synaptic location
/FSnetwork/FScell[22]
Post-synaptic SP connections
/FSnetwork/FScell[2]/secdend3/sec_dend2/GABA
/FSnetwork/FScell[5]/secdend3/GABA
/FSnetwork/FScell[6]/secdend3/sec_dend3/GABA
/FSnetwork/FScell[8]/secdend1/sec_dend3/GABA
/FSnetwork/FScell[11]/secdend4/sec_dend3/GABA
/FSnetwork/FScell[12]/primdend1/GABA
/FSnetwork/FScell[13]/secdend4/sec_dend3/GABA
/FSnetwork/FScell[14]/secdend5/sec_dend2/GABA
/FSnetwork/FScell[16]/secdend2/sec_dend3/GABA
/FSnetwork/FScell[17]/secdend4/GABA
/FSnetwork/FScell[19]/primdend1/GABA
/FSnetwork/FScell[20]/secdend5/sec_dend3/GABA
/FSnetwork/FScell[21]/secdend4/sec_dend2/GABA
/FSnetwork/FScell[23]/primdend2/GABA
/FSnetwork/FScell[24]/secdend5/GABA
/SPnetwork/SPcell[1]/primdend2/GABA
/SPnetwork/SPcell[2]/secdend4/GABA
/SPnetwork/SPcell[3]/secdend7/GABA
/SPnetwork/SPcell[4]/soma/GABA
/SPnetwork/SPcell[6]/primdend1/GABA
/SPnetwork/SPcell[8]/soma/GABA
/SPnetwork/SPcell[9]/primdend3/GABA
/SPnetwork/SPcell[10]/soma/GABA
/SPnetwork/SPcell[13]/soma/GABA
/SPnetwork/SPcell[14]/secdend2/GABA
/SPnetwork/SPcell[15]/secdend1/GABA
/SPnetwork/SPcell[16]/soma/GABA
/SPnetwork/SPcell[18]/primdend3/GABA
/SPnetwork/SPcell[19]/secdend3/GABA
/SPnetwork/SPcell[20]/primdend1/GABA
/SPnetwork/SPcell[23]/soma/GABA
/SPnetwork/SPcell[24]/primdend1/GABA
/SPnetwork/SPcell[25]/primdend3/GABA
/SPnetwork/SPcell[26]/secdend7/GABA
/SPnetwork/SPcell[27]/soma/GABA
/SPnetwork/SPcell[28]/soma/GABA
/SPnetwork/SPcell[29]/primdend1/GABA
/SPnetwork/SPcell[30]/soma/GABA
/SPnetwork/SPcell[31]/secdend5/GABA
/SPnetwork/SPcell[34]/primdend3/GABA
/SPnetwork/SPcell[35]/secdend1/GABA
/SPnetwork/SPcell[36]/soma/GABA
/SPnetwork/SPcell[39]/secdend4/GABA
/SPnetwork/SPcell[40]/primdend3/GABA
/SPnetwork/SPcell[42]/secdend1/GABA
/SPnetwork/SPcell[44]/primdend2/GABA
/SPnetwork/SPcell[45]/secdend4/GABA
/SPnetwork/SPcell[46]/primdend2/GABA
/SPnetwork/SPcell[47]/soma/GABA
/SPnetwork/SPcell[48]/secdend4/GABA
/SPnetwork/SPcell[49]/secdend5/GABA
/SPnetwork/SPcell[50]/primdend3/GABA
/SPnetwork/SPcell[51]/primdend1/GABA
/SPnetwork/SPcell[53]/secdend6/GABA
/SPnetwork/SPcell[54]/secdend6/GABA
/SPnetwork/SPcell[55]/soma/GABA
/SPnetwork/SPcell[57]/primdend1/GABA
/SPnetwork/SPcell[59]/soma/GABA
/SPnetwork/SPcell[61]/secdend6/GABA
/SPnetwork/SPcell[62]/secdend6/GABA
/SPnetwork/SPcell[63]/secdend5/GABA
/SPnetwork/SPcell[64]/soma/GABA
/SPnetwork/SPcell[67]/soma/GABA
/SPnetwork/SPcell[70]/secdend7/GABA
/SPnetwork/SPcell[71]/secdend6/GABA
/SPnetwork/SPcell[72]/soma/GABA
/SPnetwork/SPcell[73]/primdend1/GABA
/SPnetwork/SPcell[74]/secdend5/GABA
/SPnetwork/SPcell[76]/primdend1/GABA
/SPnetwork/SPcell[77]/primdend1/GABA
/SPnetwork/SPcell[78]/secdend5/GABA
/SPnetwork/SPcell[79]/primdend2/GABA
/SPnetwork/SPcell[80]/secdend5/GABA
/SPnetwork/SPcell[81]/secdend6/GABA
/SPnetwork/SPcell[82]/primdend3/GABA
/SPnetwork/SPcell[83]/secdend6/GABA
/SPnetwork/SPcell[84]/secdend4/GABA
/SPnetwork/SPcell[85]/secdend2/GABA
/SPnetwork/SPcell[86]/primdend2/GABA
/SPnetwork/SPcell[87]/soma/GABA
/SPnetwork/SPcell[89]/soma/GABA
/SPnetwork/SPcell[92]/secdend7/GABA
/SPnetwork/SPcell[93]/primdend1/GABA
/SPnetwork/SPcell[95]/primdend3/GABA
/SPnetwork/SPcell[97]/soma/GABA
/SPnetwork/SPcell[99]/soma/GABA

Pre-synaptic location
/FSnetwork/FScell[23]
Post-synaptic SP connections
/FSnetwork/FScell/secdend4/GABA
/FSnetwork/FScell[1]/secdend4/sec_dend2/GABA
/FSnetwork/FScell[4]/primdend2/GABA
/FSnetwork/FScell[6]/secdend1/sec_dend3/GABA
/FSnetwork/FScell[8]/soma/GABA
/FSnetwork/FScell[12]/soma/GABA
/FSnetwork/FScell[13]/secdend3/GABA
/FSnetwork/FScell[17]/secdend4/sec_dend3/GABA
/FSnetwork/FScell[18]/primdend2/GABA
/FSnetwork/FScell[19]/primdend2/GABA
/FSnetwork/FScell[22]/secdend3/GABA
/FSnetwork/FScell[24]/soma/GABA
/SPnetwork/SPcell/secdend3/GABA
/SPnetwork/SPcell[1]/primdend2/GABA
/SPnetwork/SPcell[2]/primdend2/GABA
/SPnetwork/SPcell[4]/primdend2/GABA
/SPnetwork/SPcell[5]/primdend2/GABA
/SPnetwork/SPcell[6]/soma/GABA
/SPnetwork/SPcell[7]/soma/GABA
/SPnetwork/SPcell[8]/soma/GABA
/SPnetwork/SPcell[9]/secdend5/GABA
/SPnetwork/SPcell[11]/primdend2/GABA
/SPnetwork/SPcell[12]/secdend6/GABA
/SPnetwork/SPcell[13]/secdend6/GABA
/SPnetwork/SPcell[14]/secdend3/GABA
/SPnetwork/SPcell[15]/primdend3/GABA
/SPnetwork/SPcell[16]/secdend1/GABA
/SPnetwork/SPcell[17]/soma/GABA
/SPnetwork/SPcell[18]/secdend3/GABA
/SPnetwork/SPcell[19]/soma/GABA
/SPnetwork/SPcell[20]/secdend5/GABA
/SPnetwork/SPcell[24]/primdend3/GABA
/SPnetwork/SPcell[25]/soma/GABA
/SPnetwork/SPcell[26]/secdend4/GABA
/SPnetwork/SPcell[27]/primdend2/GABA
/SPnetwork/SPcell[29]/secdend2/GABA
/SPnetwork/SPcell[30]/soma/GABA
/SPnetwork/SPcell[32]/primdend3/GABA
/SPnetwork/SPcell[34]/soma/GABA
/SPnetwork/SPcell[35]/soma/GABA
/SPnetwork/SPcell[37]/soma/GABA
/SPnetwork/SPcell[39]/soma/GABA
/SPnetwork/SPcell[40]/secdend6/GABA
/SPnetwork/SPcell[41]/secdend3/GABA
/SPnetwork/SPcell[42]/primdend3/GABA
/SPnetwork/SPcell[44]/secdend5/GABA
/SPnetwork/SPcell[48]/secdend2/GABA
/SPnetwork/SPcell[49]/secdend3/GABA
/SPnetwork/SPcell[50]/soma/GABA
/SPnetwork/SPcell[52]/secdend5/GABA
/SPnetwork/SPcell[53]/soma/GABA
/SPnetwork/SPcell[55]/secdend3/GABA
/SPnetwork/SPcell[58]/soma/GABA
/SPnetwork/SPcell[59]/soma/GABA
/SPnetwork/SPcell[61]/soma/GABA
/SPnetwork/SPcell[62]/secdend6/GABA
/SPnetwork/SPcell[63]/secdend6/GABA
/SPnetwork/SPcell[64]/primdend1/GABA
/SPnetwork/SPcell[65]/soma/GABA
/SPnetwork/SPcell[66]/soma/GABA
/SPnetwork/SPcell[67]/primdend2/GABA
/SPnetwork/SPcell[69]/soma/GABA
/SPnetwork/SPcell[72]/secdend6/GABA
/SPnetwork/SPcell[73]/secdend6/GABA
/SPnetwork/SPcell[74]/primdend3/GABA
/SPnetwork/SPcell[75]/soma/GABA
/SPnetwork/SPcell[76]/primdend1/GABA
/SPnetwork/SPcell[77]/secdend5/GABA
/SPnetwork/SPcell[81]/soma/GABA
/SPnetwork/SPcell[82]/secdend6/GABA
/SPnetwork/SPcell[83]/secdend2/GABA
/SPnetwork/SPcell[84]/secdend7/GABA
/SPnetwork/SPcell[85]/primdend1/GABA
/SPnetwork/SPcell[86]/primdend3/GABA
/SPnetwork/SPcell[88]/secdend6/GABA
/SPnetwork/SPcell[89]/primdend3/GABA
/SPnetwork/SPcell[90]/soma/GABA
/SPnetwork/SPcell[91]/soma/GABA
/SPnetwork/SPcell[93]/primdend1/GABA
/SPnetwork/SPcell[94]/secdend3/GABA
/SPnetwork/SPcell[95]/primdend2/GABA
/SPnetwork/SPcell[96]/primdend2/GABA
/SPnetwork/SPcell[97]/primdend2/GABA
/SPnetwork/SPcell[99]/primdend2/GABA

Pre-synaptic location
/FSnetwork/FScell[24]
Post-synaptic SP connections
/FSnetwork/FScell/secdend3/sec_dend2/GABA
/FSnetwork/FScell[4]/secdend2/sec_dend3/GABA
/FSnetwork/FScell[12]/primdend2/GABA
/FSnetwork/FScell[15]/secdend4/sec_dend2/GABA
/FSnetwork/FScell[16]/primdend2/GABA
/FSnetwork/FScell[17]/secdend1/sec_dend3/GABA
/FSnetwork/FScell[19]/primdend2/GABA
/FSnetwork/FScell[21]/soma/GABA
/FSnetwork/FScell[22]/secdend4/GABA
/FSnetwork/FScell[23]/secdend1/sec_dend3/GABA
/SPnetwork/SPcell/soma/GABA
/SPnetwork/SPcell[1]/secdend1/GABA
/SPnetwork/SPcell[2]/primdend2/GABA
/SPnetwork/SPcell[3]/soma/GABA
/SPnetwork/SPcell[5]/secdend6/GABA
/SPnetwork/SPcell[6]/secdend6/GABA
/SPnetwork/SPcell[7]/secdend7/GABA
/SPnetwork/SPcell[8]/secdend7/GABA
/SPnetwork/SPcell[9]/secdend2/GABA
/SPnetwork/SPcell[18]/primdend3/GABA
/SPnetwork/SPcell[19]/soma/GABA
/SPnetwork/SPcell[20]/soma/GABA
/SPnetwork/SPcell[22]/secdend7/GABA
/SPnetwork/SPcell[23]/primdend2/GABA
/SPnetwork/SPcell[25]/soma/GABA
/SPnetwork/SPcell[26]/secdend6/GABA
/SPnetwork/SPcell[27]/soma/GABA
/SPnetwork/SPcell[28]/secdend6/GABA
/SPnetwork/SPcell[29]/primdend1/GABA
/SPnetwork/SPcell[30]/soma/GABA
/SPnetwork/SPcell[31]/secdend7/GABA
/SPnetwork/SPcell[34]/secdend2/GABA
/SPnetwork/SPcell[36]/soma/GABA
/SPnetwork/SPcell[37]/primdend3/GABA
/SPnetwork/SPcell[38]/primdend2/GABA
/SPnetwork/SPcell[39]/soma/GABA
/SPnetwork/SPcell[40]/secdend7/GABA
/SPnetwork/SPcell[41]/soma/GABA
/SPnetwork/SPcell[44]/secdend4/GABA
/SPnetwork/SPcell[46]/primdend1/GABA
/SPnetwork/SPcell[47]/secdend6/GABA
/SPnetwork/SPcell[48]/soma/GABA
/SPnetwork/SPcell[51]/secdend1/GABA
/SPnetwork/SPcell[52]/secdend5/GABA
/SPnetwork/SPcell[53]/soma/GABA
/SPnetwork/SPcell[54]/soma/GABA
/SPnetwork/SPcell[56]/primdend2/GABA
/SPnetwork/SPcell[57]/primdend3/GABA
/SPnetwork/SPcell[58]/primdend2/GABA
/SPnetwork/SPcell[60]/primdend1/GABA
/SPnetwork/SPcell[61]/primdend1/GABA
/SPnetwork/SPcell[62]/soma/GABA
/SPnetwork/SPcell[64]/soma/GABA
/SPnetwork/SPcell[65]/primdend1/GABA
/SPnetwork/SPcell[66]/soma/GABA
/SPnetwork/SPcell[67]/secdend1/GABA
/SPnetwork/SPcell[68]/primdend3/GABA
/SPnetwork/SPcell[69]/soma/GABA
/SPnetwork/SPcell[71]/primdend3/GABA
/SPnetwork/SPcell[73]/soma/GABA
/SPnetwork/SPcell[74]/primdend2/GABA
/SPnetwork/SPcell[75]/soma/GABA
/SPnetwork/SPcell[76]/primdend3/GABA
/SPnetwork/SPcell[77]/soma/GABA
/SPnetwork/SPcell[78]/soma/GABA
/SPnetwork/SPcell[79]/soma/GABA
/SPnetwork/SPcell[80]/secdend3/GABA
/SPnetwork/SPcell[81]/soma/GABA
/SPnetwork/SPcell[82]/secdend4/GABA
/SPnetwork/SPcell[83]/primdend2/GABA
/SPnetwork/SPcell[84]/soma/GABA
/SPnetwork/SPcell[85]/primdend1/GABA
/SPnetwork/SPcell[86]/secdend2/GABA
/SPnetwork/SPcell[87]/soma/GABA
/SPnetwork/SPcell[89]/soma/GABA
/SPnetwork/SPcell[91]/soma/GABA
/SPnetwork/SPcell[92]/soma/GABA
/SPnetwork/SPcell[94]/secdend6/GABA
/SPnetwork/SPcell[97]/soma/GABA
/SPnetwork/SPcell[98]/secdend5/GABA
/SPnetwork/SPcell[99]/primdend2/GABA
