0.5330396476
0.5110132159
0.449339207
0.3876651982
0.436123348
0.436123348
0.4185022026
0.4889867841
0.4845814978
0.5022026432
0.4933920705
0.4801762115
0.3612334802
0.3876651982
0.3612334802
0.3832599119
0.3568281938
0.3920704846
0.4405286344
0.4845814978
0.449339207
0.4008810573
0.3788546256
0.40969163
0.4008810573
0.3083700441
0.281938326
0.3744493392
0.3832599119
0.4845814978
0.4185022026
0.3788546256
0.3524229075
0.3083700441
0.3568281938
0.2995594714
0.3568281938
0.3656387665
0.4052863436
0.4625550661
0.4449339207
0.3524229075
0.3348017621
0.3127753304
0.3039647577
0.3215859031
0.3215859031
0.3568281938
0.3436123348
0.3788546256
0.4801762115
0.3964757709
0.2907488987
0.2863436123
0.3259911894
0.3127753304
0.3083700441
0.3215859031
0.4801762115
0.4449339207
0.4845814978
0.4008810573
0.2775330396
0.3788546256
0.3436123348
0.3127753304
0.3348017621
0.2599118943
0.2907488987
0.4185022026
0.4140969163
0.3083700441
0.4273127753
0.3259911894
0.3612334802
0.3700440529
0.3656387665
0.3876651982
0.3920704846
0.4933920705
0.4933920705
0.422907489
0.422907489
0.3215859031
0.4140969163
0.3127753304
0.3832599119
0.40969163
0.4052863436
0.5330396476
0.4977973568
0.4405286344
0.436123348
0.3876651982
0.436123348
0.4273127753
0.3964757709
0.4977973568
0.563876652
0.5022026432
