0.4669603524
0.4889867841
0.550660793
0.6123348018
0.563876652
0.563876652
0.5814977974
0.5110132159
0.5154185022
0.4977973568
0.5066079295
0.5198237885
0.6387665198
0.6123348018
0.6387665198
0.6167400881
0.6431718062
0.6079295154
0.5594713656
0.5154185022
0.550660793
0.5991189427
0.6211453744
0.59030837
0.5991189427
0.6916299559
0.718061674
0.6255506608
0.6167400881
0.5154185022
0.5814977974
0.6211453744
0.6475770925
0.6916299559
0.6431718062
0.7004405286
0.6431718062
0.6343612335
0.5947136564
0.5374449339
0.5550660793
0.6475770925
0.6651982379
0.6872246696
0.6960352423
0.6784140969
0.6784140969
0.6431718062
0.6563876652
0.6211453744
0.5198237885
0.6035242291
0.7092511013
0.7136563877
0.6740088106
0.6872246696
0.6916299559
0.6784140969
0.5198237885
0.5550660793
0.5154185022
0.5991189427
0.7224669604
0.6211453744
0.6563876652
0.6872246696
0.6651982379
0.7400881057
0.7092511013
0.5814977974
0.5859030837
0.6916299559
0.5726872247
0.6740088106
0.6387665198
0.6299559471
0.6343612335
0.6123348018
0.6079295154
0.5066079295
0.5066079295
0.577092511
0.577092511
0.6784140969
0.5859030837
0.6872246696
0.6167400881
0.59030837
0.5947136564
0.4669603524
0.5022026432
0.5594713656
0.563876652
0.6123348018
0.563876652
0.5726872247
0.6035242291
0.5022026432
0.436123348
0.4977973568
